<?xml version="1.0" encoding="UTF-8"?>
<testsuite name="org.jfree.chart.renderer.xy.junit.RendererXYPackageTests" time="0.361" tests="138" errors="0" skipped="0" failures="0">
  <properties>
[...]
</properties>
  <testcase name="testCloning_LegendItemToolTipGenerator" classname="org.jfree.chart.renderer.xy.junit.AbstractXYItemRendererTests" time="0.007"/>
  <testcase name="testFindRangeBounds" classname="org.jfree.chart.renderer.xy.junit.AbstractXYItemRendererTests" time="0.002"/>
  <testcase name="testCloning_LegendItemLabelGenerator" classname="org.jfree.chart.renderer.xy.junit.AbstractXYItemRendererTests" time="0"/>
  <testcase name="testFindDomainBounds" classname="org.jfree.chart.renderer.xy.junit.AbstractXYItemRendererTests" time="0.003"/>
  <testcase name="testEquals" classname="org.jfree.chart.renderer.xy.junit.AbstractXYItemRendererTests" time="0.002"/>
  <testcase name="testCloning_LegendItemURLGenerator" classname="org.jfree.chart.renderer.xy.junit.AbstractXYItemRendererTests" time="0"/>
  <testcase name="testSerialization" classname="org.jfree.chart.renderer.xy.junit.CandlestickRendererTests" time="0.061"/>
  <testcase name="testFindRangeBounds" classname="org.jfree.chart.renderer.xy.junit.CandlestickRendererTests" time="0.002"/>
  <testcase name="testCloning" classname="org.jfree.chart.renderer.xy.junit.CandlestickRendererTests" time="0.002"/>
  <testcase name="testHashcode" classname="org.jfree.chart.renderer.xy.junit.CandlestickRendererTests" time="0"/>
  <testcase name="testEquals" classname="org.jfree.chart.renderer.xy.junit.CandlestickRendererTests" time="0.001"/>
  <testcase name="testConstructor" classname="org.jfree.chart.renderer.xy.junit.CandlestickRendererTests" time="0"/>
  <testcase name="testSerialization" classname="org.jfree.chart.renderer.xy.junit.ClusteredXYBarRendererTests" time="0.003"/>
  <testcase name="testCloning" classname="org.jfree.chart.renderer.xy.junit.ClusteredXYBarRendererTests" time="0"/>
  <testcase name="testHashcode" classname="org.jfree.chart.renderer.xy.junit.ClusteredXYBarRendererTests" time="0.001"/>
  <testcase name="testFindDomainBounds" classname="org.jfree.chart.renderer.xy.junit.ClusteredXYBarRendererTests" time="0"/>
  <testcase name="testEquals" classname="org.jfree.chart.renderer.xy.junit.ClusteredXYBarRendererTests" time="0.001"/>
  <testcase name="testSerialization" classname="org.jfree.chart.renderer.xy.junit.DeviationRendererTests" time="0.008"/>
  <testcase name="testCloning" classname="org.jfree.chart.renderer.xy.junit.DeviationRendererTests" time="0.001"/>
  <testcase name="testHashcode" classname="org.jfree.chart.renderer.xy.junit.DeviationRendererTests" time="0"/>
  <testcase name="testEquals" classname="org.jfree.chart.renderer.xy.junit.DeviationRendererTests" time="0"/>
  <testcase name="testSerialization" classname="org.jfree.chart.renderer.xy.junit.HighLowRendererTests" time="0.007"/>
  <testcase name="testFindRangeBounds" classname="org.jfree.chart.renderer.xy.junit.HighLowRendererTests" time="0"/>
  <testcase name="testCloning" classname="org.jfree.chart.renderer.xy.junit.HighLowRendererTests" time="0.001"/>
  <testcase name="testHashcode" classname="org.jfree.chart.renderer.xy.junit.HighLowRendererTests" time="0"/>
  <testcase name="testEquals" classname="org.jfree.chart.renderer.xy.junit.HighLowRendererTests" time="0"/>
  <testcase name="testDrawWithNullInfo" classname="org.jfree.chart.renderer.xy.junit.StackedXYAreaRendererTests" time="0.023"/>
  <testcase name="testSerialization" classname="org.jfree.chart.renderer.xy.junit.StackedXYAreaRendererTests" time="0.006"/>
  <testcase name="testFindRangeBounds" classname="org.jfree.chart.renderer.xy.junit.StackedXYAreaRendererTests" time="0.015"/>
  <testcase name="testCloning" classname="org.jfree.chart.renderer.xy.junit.StackedXYAreaRendererTests" time="0"/>
  <testcase name="testHashcode" classname="org.jfree.chart.renderer.xy.junit.StackedXYAreaRendererTests" time="0.001"/>
  <testcase name="testEquals" classname="org.jfree.chart.renderer.xy.junit.StackedXYAreaRendererTests" time="0"/>
  <testcase name="testBug1593156" classname="org.jfree.chart.renderer.xy.junit.StackedXYAreaRendererTests" time="0.022"/>
  <testcase name="testSerialization" classname="org.jfree.chart.renderer.xy.junit.StackedXYAreaRenderer2Tests" time="0.004"/>
  <testcase name="testDrawWithEmptyDataset" classname="org.jfree.chart.renderer.xy.junit.StackedXYAreaRenderer2Tests" time="0.01"/>
  <testcase name="testFindRangeBounds" classname="org.jfree.chart.renderer.xy.junit.StackedXYAreaRenderer2Tests" time="0.002"/>
  <testcase name="testCloning" classname="org.jfree.chart.renderer.xy.junit.StackedXYAreaRenderer2Tests" time="0"/>
  <testcase name="testHashcode" classname="org.jfree.chart.renderer.xy.junit.StackedXYAreaRenderer2Tests" time="0"/>
  <testcase name="testEquals" classname="org.jfree.chart.renderer.xy.junit.StackedXYAreaRenderer2Tests" time="0.001"/>
  <testcase name="testSerialization" classname="org.jfree.chart.renderer.xy.junit.StackedXYBarRendererTests" time="0.005"/>
  <testcase name="testFindRangeBounds" classname="org.jfree.chart.renderer.xy.junit.StackedXYBarRendererTests" time="0.001"/>
  <testcase name="testCloning" classname="org.jfree.chart.renderer.xy.junit.StackedXYBarRendererTests" time="0"/>
  <testcase name="testHashcode" classname="org.jfree.chart.renderer.xy.junit.StackedXYBarRendererTests" time="0.001"/>
  <testcase name="testFindDomainBounds" classname="org.jfree.chart.renderer.xy.junit.StackedXYBarRendererTests" time="0.001"/>
  <testcase name="testEquals" classname="org.jfree.chart.renderer.xy.junit.StackedXYBarRendererTests" time="0"/>
  <testcase name="testSerialization" classname="org.jfree.chart.renderer.xy.junit.StandardXYItemRendererTests" time="0.004"/>
  <testcase name="testGetLegendItemSeriesIndex" classname="org.jfree.chart.renderer.xy.junit.StandardXYItemRendererTests" time="0.002"/>
  <testcase name="testCloning" classname="org.jfree.chart.renderer.xy.junit.StandardXYItemRendererTests" time="0"/>
  <testcase name="testHashcode" classname="org.jfree.chart.renderer.xy.junit.StandardXYItemRendererTests" time="0"/>
  <testcase name="testEquals" classname="org.jfree.chart.renderer.xy.junit.StandardXYItemRendererTests" time="0.001"/>
  <testcase name="testNoDisplayedItem" classname="org.jfree.chart.renderer.xy.junit.StandardXYItemRendererTests" time="0.007"/>
  <testcase name="testSerialization" classname="org.jfree.chart.renderer.xy.junit.VectorRendererTests" time="0.006"/>
  <testcase name="testCloning" classname="org.jfree.chart.renderer.xy.junit.VectorRendererTests" time="0.002"/>
  <testcase name="testHashcode" classname="org.jfree.chart.renderer.xy.junit.VectorRendererTests" time="0"/>
  <testcase name="testEquals" classname="org.jfree.chart.renderer.xy.junit.VectorRendererTests" time="0.001"/>
  <testcase name="testSerialization" classname="org.jfree.chart.renderer.xy.junit.WindItemRendererTests" time="0.004"/>
  <testcase name="testCloning" classname="org.jfree.chart.renderer.xy.junit.WindItemRendererTests" time="0"/>
  <testcase name="testHashcode" classname="org.jfree.chart.renderer.xy.junit.WindItemRendererTests" time="0.001"/>
  <testcase name="testEquals" classname="org.jfree.chart.renderer.xy.junit.WindItemRendererTests" time="0"/>
  <testcase name="testDrawWithNullInfo" classname="org.jfree.chart.renderer.xy.junit.XYAreaRendererTests" time="0.018"/>
  <testcase name="testSerialization" classname="org.jfree.chart.renderer.xy.junit.XYAreaRendererTests" time="0.003"/>
  <testcase name="testGetLegendItemSeriesIndex" classname="org.jfree.chart.renderer.xy.junit.XYAreaRendererTests" time="0.001"/>
  <testcase name="testCloning" classname="org.jfree.chart.renderer.xy.junit.XYAreaRendererTests" time="0"/>
  <testcase name="testHashcode" classname="org.jfree.chart.renderer.xy.junit.XYAreaRendererTests" time="0"/>
  <testcase name="testEquals" classname="org.jfree.chart.renderer.xy.junit.XYAreaRendererTests" time="0"/>
  <testcase name="testDrawWithNullInfo" classname="org.jfree.chart.renderer.xy.junit.XYAreaRenderer2Tests" time="0.011"/>
  <testcase name="testSerialization" classname="org.jfree.chart.renderer.xy.junit.XYAreaRenderer2Tests" time="0.003"/>
  <testcase name="testGetLegendItemSeriesIndex" classname="org.jfree.chart.renderer.xy.junit.XYAreaRenderer2Tests" time="0.001"/>
  <testcase name="testCloning" classname="org.jfree.chart.renderer.xy.junit.XYAreaRenderer2Tests" time="0"/>
  <testcase name="testHashcode" classname="org.jfree.chart.renderer.xy.junit.XYAreaRenderer2Tests" time="0"/>
  <testcase name="testEquals" classname="org.jfree.chart.renderer.xy.junit.XYAreaRenderer2Tests" time="0"/>
  <testcase name="testSerialization" classname="org.jfree.chart.renderer.xy.junit.XYBarRendererTests" time="0.004"/>
  <testcase name="testGetLegendItemSeriesIndex" classname="org.jfree.chart.renderer.xy.junit.XYBarRendererTests" time="0.002"/>
  <testcase name="testCloning" classname="org.jfree.chart.renderer.xy.junit.XYBarRendererTests" time="0"/>
  <testcase name="testHashcode" classname="org.jfree.chart.renderer.xy.junit.XYBarRendererTests" time="0"/>
  <testcase name="testFindDomainBounds" classname="org.jfree.chart.renderer.xy.junit.XYBarRendererTests" time="0.001"/>
  <testcase name="testEquals" classname="org.jfree.chart.renderer.xy.junit.XYBarRendererTests" time="0"/>
  <testcase name="testSerialization2" classname="org.jfree.chart.renderer.xy.junit.XYBarRendererTests" time="0.004"/>
  <testcase name="testSerialization" classname="org.jfree.chart.renderer.xy.junit.XYBlockRendererTests" time="0.006"/>
  <testcase name="testBug1766646A" classname="org.jfree.chart.renderer.xy.junit.XYBlockRendererTests" time="0"/>
  <testcase name="testBug1766646B" classname="org.jfree.chart.renderer.xy.junit.XYBlockRendererTests" time="0"/>
  <testcase name="testCloning" classname="org.jfree.chart.renderer.xy.junit.XYBlockRendererTests" time="0.001"/>
  <testcase name="testHashcode" classname="org.jfree.chart.renderer.xy.junit.XYBlockRendererTests" time="0"/>
  <testcase name="testEquals" classname="org.jfree.chart.renderer.xy.junit.XYBlockRendererTests" time="0"/>
  <testcase name="testSerialization" classname="org.jfree.chart.renderer.xy.junit.XYBoxAndWhiskerRendererTests" time="0.006"/>
  <testcase name="testCloning" classname="org.jfree.chart.renderer.xy.junit.XYBoxAndWhiskerRendererTests" time="0"/>
  <testcase name="testHashcode" classname="org.jfree.chart.renderer.xy.junit.XYBoxAndWhiskerRendererTests" time="0"/>
  <testcase name="testEquals" classname="org.jfree.chart.renderer.xy.junit.XYBoxAndWhiskerRendererTests" time="0"/>
  <testcase name="testSerialization" classname="org.jfree.chart.renderer.xy.junit.XYBubbleRendererTests" time="0.004"/>
  <testcase name="testGetLegendItemSeriesIndex" classname="org.jfree.chart.renderer.xy.junit.XYBubbleRendererTests" time="0.001"/>
  <testcase name="testCloning" classname="org.jfree.chart.renderer.xy.junit.XYBubbleRendererTests" time="0"/>
  <testcase name="testHashcode" classname="org.jfree.chart.renderer.xy.junit.XYBubbleRendererTests" time="0"/>
  <testcase name="testEquals" classname="org.jfree.chart.renderer.xy.junit.XYBubbleRendererTests" time="0"/>
  <testcase name="testSerialization" classname="org.jfree.chart.renderer.xy.junit.XYDifferenceRendererTests" time="0.004"/>
  <testcase name="testGetLegendItemSeriesIndex" classname="org.jfree.chart.renderer.xy.junit.XYDifferenceRendererTests" time="0.001"/>
  <testcase name="testCloning" classname="org.jfree.chart.renderer.xy.junit.XYDifferenceRendererTests" time="0"/>
  <testcase name="testHashcode" classname="org.jfree.chart.renderer.xy.junit.XYDifferenceRendererTests" time="0"/>
  <testcase name="testEquals" classname="org.jfree.chart.renderer.xy.junit.XYDifferenceRendererTests" time="0.001"/>
  <testcase name="testSerialization" classname="org.jfree.chart.renderer.xy.junit.XYDotRendererTests" time="0.005"/>
  <testcase name="testGetLegendItemSeriesIndex" classname="org.jfree.chart.renderer.xy.junit.XYDotRendererTests" time="0.001"/>
  <testcase name="testCloning" classname="org.jfree.chart.renderer.xy.junit.XYDotRendererTests" time="0"/>
  <testcase name="testHashcode" classname="org.jfree.chart.renderer.xy.junit.XYDotRendererTests" time="0"/>
  <testcase name="testEquals" classname="org.jfree.chart.renderer.xy.junit.XYDotRendererTests" time="0.001"/>
  <testcase name="testSerialization" classname="org.jfree.chart.renderer.xy.junit.XYErrorRendererTests" time="0.004"/>
  <testcase name="testCloning" classname="org.jfree.chart.renderer.xy.junit.XYErrorRendererTests" time="0"/>
  <testcase name="testHashcode" classname="org.jfree.chart.renderer.xy.junit.XYErrorRendererTests" time="0"/>
  <testcase name="testEquals" classname="org.jfree.chart.renderer.xy.junit.XYErrorRendererTests" time="0"/>
  <testcase name="testEquals2" classname="org.jfree.chart.renderer.xy.junit.XYLineAndShapeRendererTests" time="0.001"/>
  <testcase name="testSerialization" classname="org.jfree.chart.renderer.xy.junit.XYLineAndShapeRendererTests" time="0.003"/>
  <testcase name="testFindRangeBounds" classname="org.jfree.chart.renderer.xy.junit.XYLineAndShapeRendererTests" time="0.001"/>
  <testcase name="testGetLegendItemSeriesIndex" classname="org.jfree.chart.renderer.xy.junit.XYLineAndShapeRendererTests" time="0.001"/>
  <testcase name="testCloning" classname="org.jfree.chart.renderer.xy.junit.XYLineAndShapeRendererTests" time="0"/>
  <testcase name="testHashcode" classname="org.jfree.chart.renderer.xy.junit.XYLineAndShapeRendererTests" time="0.001"/>
  <testcase name="testFindDomainBounds" classname="org.jfree.chart.renderer.xy.junit.XYLineAndShapeRendererTests" time="0"/>
  <testcase name="testEquals" classname="org.jfree.chart.renderer.xy.junit.XYLineAndShapeRendererTests" time="0"/>
  <testcase name="testSerialization" classname="org.jfree.chart.renderer.xy.junit.XYLine3DRendererTests" time="0.006"/>
  <testcase name="testCloning" classname="org.jfree.chart.renderer.xy.junit.XYLine3DRendererTests" time="0"/>
  <testcase name="testHashcode" classname="org.jfree.chart.renderer.xy.junit.XYLine3DRendererTests" time="0"/>
  <testcase name="testEquals" classname="org.jfree.chart.renderer.xy.junit.XYLine3DRendererTests" time="0"/>
  <testcase name="testSerialization" classname="org.jfree.chart.renderer.xy.junit.XYSplineAndShapeRendererTests" time="0.006"/>
  <testcase name="testCloning" classname="org.jfree.chart.renderer.xy.junit.XYSplineAndShapeRendererTests" time="0"/>
  <testcase name="testHashcode" classname="org.jfree.chart.renderer.xy.junit.XYSplineAndShapeRendererTests" time="0.001"/>
  <testcase name="testEquals" classname="org.jfree.chart.renderer.xy.junit.XYSplineAndShapeRendererTests" time="0"/>
  <testcase name="testDrawWithNullInfo" classname="org.jfree.chart.renderer.xy.junit.XYStepRendererTests" time="0.007"/>
  <testcase name="testSerialization" classname="org.jfree.chart.renderer.xy.junit.XYStepRendererTests" time="0.002"/>
  <testcase name="testCloning" classname="org.jfree.chart.renderer.xy.junit.XYStepRendererTests" time="0"/>
  <testcase name="testHashcode" classname="org.jfree.chart.renderer.xy.junit.XYStepRendererTests" time="0"/>
  <testcase name="testEquals" classname="org.jfree.chart.renderer.xy.junit.XYStepRendererTests" time="0"/>
  <testcase name="testDrawWithNullInfo" classname="org.jfree.chart.renderer.xy.junit.XYStepAreaRendererTests" time="0.009"/>
  <testcase name="testSerialization" classname="org.jfree.chart.renderer.xy.junit.XYStepAreaRendererTests" time="0.005"/>
  <testcase name="testCloning" classname="org.jfree.chart.renderer.xy.junit.XYStepAreaRendererTests" time="0"/>
  <testcase name="testHashcode" classname="org.jfree.chart.renderer.xy.junit.XYStepAreaRendererTests" time="0.001"/>
  <testcase name="testEquals" classname="org.jfree.chart.renderer.xy.junit.XYStepAreaRendererTests" time="0"/>
  <testcase name="testSerialization" classname="org.jfree.chart.renderer.xy.junit.YIntervalRendererTests" time="0.004"/>
  <testcase name="testGetLegendItemSeriesIndex" classname="org.jfree.chart.renderer.xy.junit.YIntervalRendererTests" time="0.005"/>
  <testcase name="testCloning" classname="org.jfree.chart.renderer.xy.junit.YIntervalRendererTests" time="0.001"/>
  <testcase name="testHashcode" classname="org.jfree.chart.renderer.xy.junit.YIntervalRendererTests" time="0"/>
  <testcase name="testEquals" classname="org.jfree.chart.renderer.xy.junit.YIntervalRendererTests" time="0.002"/>
</testsuite>