<?xml version="1.0" encoding="UTF-8"?>
<testsuite name="org.jfree.data.statistics.junit.DataStatisticsPackageTests" time="0.028" tests="69" errors="0" skipped="0" failures="0">
  <properties>
[...]
</properties>
  <testcase name="testCalculateQ1" classname="org.jfree.data.statistics.junit.BoxAndWhiskerCalculatorTests" time="0"/>
  <testcase name="testCalculateQ3" classname="org.jfree.data.statistics.junit.BoxAndWhiskerCalculatorTests" time="0"/>
  <testcase name="testCalculateBoxAndWhiskerStatistics" classname="org.jfree.data.statistics.junit.BoxAndWhiskerCalculatorTests" time="0"/>
  <testcase name="test1593149" classname="org.jfree.data.statistics.junit.BoxAndWhiskerCalculatorTests" time="0"/>
  <testcase name="testSerialization" classname="org.jfree.data.statistics.junit.BoxAndWhiskerItemTests" time="0"/>
  <testcase name="testEquals" classname="org.jfree.data.statistics.junit.BoxAndWhiskerItemTests" time="0"/>
  <testcase name="testSerialization" classname="org.jfree.data.statistics.junit.DefaultBoxAndWhiskerCategoryDatasetTests" time="0"/>
  <testcase name="testAdd" classname="org.jfree.data.statistics.junit.DefaultBoxAndWhiskerCategoryDatasetTests" time="0"/>
  <testcase name="testAddUpdatesCachedRange" classname="org.jfree.data.statistics.junit.DefaultBoxAndWhiskerCategoryDatasetTests" time="0"/>
  <testcase name="test1701822" classname="org.jfree.data.statistics.junit.DefaultBoxAndWhiskerCategoryDatasetTests" time="0"/>
  <testcase name="testCloning" classname="org.jfree.data.statistics.junit.DefaultBoxAndWhiskerCategoryDatasetTests" time="0"/>
  <testcase name="testGetRangeBounds" classname="org.jfree.data.statistics.junit.DefaultBoxAndWhiskerCategoryDatasetTests" time="0"/>
  <testcase name="testEquals" classname="org.jfree.data.statistics.junit.DefaultBoxAndWhiskerCategoryDatasetTests" time="0"/>
  <testcase name="testRemove" classname="org.jfree.data.statistics.junit.DefaultBoxAndWhiskerCategoryDatasetTests" time="0"/>
  <testcase name="testConstructor" classname="org.jfree.data.statistics.junit.DefaultBoxAndWhiskerCategoryDatasetTests" time="0"/>
  <testcase name="testAdd" classname="org.jfree.data.statistics.junit.DefaultStatisticalCategoryDatasetTests" time="0"/>
  <testcase name="testCloning" classname="org.jfree.data.statistics.junit.DefaultStatisticalCategoryDatasetTests" time="0"/>
  <testcase name="testGetRangeLowerBound" classname="org.jfree.data.statistics.junit.DefaultStatisticalCategoryDatasetTests" time="0"/>
  <testcase name="testGetRangeBounds2" classname="org.jfree.data.statistics.junit.DefaultStatisticalCategoryDatasetTests" time="0"/>
  <testcase name="testGetRangeBounds" classname="org.jfree.data.statistics.junit.DefaultStatisticalCategoryDatasetTests" time="0"/>
  <testcase name="testEquals" classname="org.jfree.data.statistics.junit.DefaultStatisticalCategoryDatasetTests" time="0"/>
  <testcase name="testSerialization1" classname="org.jfree.data.statistics.junit.DefaultStatisticalCategoryDatasetTests" time="0.004"/>
  <testcase name="testSerialization2" classname="org.jfree.data.statistics.junit.DefaultStatisticalCategoryDatasetTests" time="0"/>
  <testcase name="testRemove" classname="org.jfree.data.statistics.junit.DefaultStatisticalCategoryDatasetTests" time="0"/>
  <testcase name="testGetRangeUpperBound" classname="org.jfree.data.statistics.junit.DefaultStatisticalCategoryDatasetTests" time="0"/>
  <testcase name="testSerialization" classname="org.jfree.data.statistics.junit.HistogramBinTests" time="0.004"/>
  <testcase name="testCloning" classname="org.jfree.data.statistics.junit.HistogramBinTests" time="0"/>
  <testcase name="testEquals" classname="org.jfree.data.statistics.junit.HistogramBinTests" time="0"/>
  <testcase name="testSerialization" classname="org.jfree.data.statistics.junit.HistogramDatasetTests" time="0.006"/>
  <testcase name="testBins" classname="org.jfree.data.statistics.junit.HistogramDatasetTests" time="0"/>
  <testcase name="test1553088" classname="org.jfree.data.statistics.junit.HistogramDatasetTests" time="0"/>
  <testcase name="testBinBoundaries" classname="org.jfree.data.statistics.junit.HistogramDatasetTests" time="0"/>
  <testcase name="testGetSeriesKey" classname="org.jfree.data.statistics.junit.HistogramDatasetTests" time="0"/>
  <testcase name="testCloning" classname="org.jfree.data.statistics.junit.HistogramDatasetTests" time="0"/>
  <testcase name="testAddSeries" classname="org.jfree.data.statistics.junit.HistogramDatasetTests" time="0"/>
  <testcase name="testEquals" classname="org.jfree.data.statistics.junit.HistogramDatasetTests" time="0"/>
  <testcase name="testSerialization" classname="org.jfree.data.statistics.junit.MeanAndStandardDeviationTests" time="0"/>
  <testcase name="testCloning" classname="org.jfree.data.statistics.junit.MeanAndStandardDeviationTests" time="0"/>
  <testcase name="testEquals" classname="org.jfree.data.statistics.junit.MeanAndStandardDeviationTests" time="0"/>
  <testcase name="testPowerRegression1a" classname="org.jfree.data.statistics.junit.RegressionTests" time="0.001"/>
  <testcase name="testPowerRegression1b" classname="org.jfree.data.statistics.junit.RegressionTests" time="0"/>
  <testcase name="testPowerRegression2a" classname="org.jfree.data.statistics.junit.RegressionTests" time="0"/>
  <testcase name="testPowerRegression2b" classname="org.jfree.data.statistics.junit.RegressionTests" time="0"/>
  <testcase name="testOLSRegression1a" classname="org.jfree.data.statistics.junit.RegressionTests" time="0"/>
  <testcase name="testOLSRegression1b" classname="org.jfree.data.statistics.junit.RegressionTests" time="0"/>
  <testcase name="testOLSRegression2a" classname="org.jfree.data.statistics.junit.RegressionTests" time="0"/>
  <testcase name="testOLSRegression2b" classname="org.jfree.data.statistics.junit.RegressionTests" time="0"/>
  <testcase name="testAccepts" classname="org.jfree.data.statistics.junit.SimpleHistogramBinTests" time="0.01"/>
  <testcase name="testSerialization" classname="org.jfree.data.statistics.junit.SimpleHistogramBinTests" time="0"/>
  <testcase name="testOverlapsWidth" classname="org.jfree.data.statistics.junit.SimpleHistogramBinTests" time="0"/>
  <testcase name="testCloning" classname="org.jfree.data.statistics.junit.SimpleHistogramBinTests" time="0"/>
  <testcase name="testEquals" classname="org.jfree.data.statistics.junit.SimpleHistogramBinTests" time="0"/>
  <testcase name="testRemoveAllBins" classname="org.jfree.data.statistics.junit.SimpleHistogramDatasetTests" time="0"/>
  <testcase name="testSerialization" classname="org.jfree.data.statistics.junit.SimpleHistogramDatasetTests" time="0.001"/>
  <testcase name="testClearObservations" classname="org.jfree.data.statistics.junit.SimpleHistogramDatasetTests" time="0"/>
  <testcase name="testCloning" classname="org.jfree.data.statistics.junit.SimpleHistogramDatasetTests" time="0"/>
  <testcase name="testEquals" classname="org.jfree.data.statistics.junit.SimpleHistogramDatasetTests" time="0"/>
  <testcase name="testCalculateMean_Array" classname="org.jfree.data.statistics.junit.StatisticsTests" time="0"/>
  <testcase name="testCorrelation1" classname="org.jfree.data.statistics.junit.StatisticsTests" time="0"/>
  <testcase name="testCorrelation2" classname="org.jfree.data.statistics.junit.StatisticsTests" time="0"/>
  <testcase name="testCalculateMedian" classname="org.jfree.data.statistics.junit.StatisticsTests" time="0.002"/>
  <testcase name="testCalculateMean_Collection" classname="org.jfree.data.statistics.junit.StatisticsTests" time="0"/>
  <testcase name="testCalculateMedian1" classname="org.jfree.data.statistics.junit.StatisticsTests" time="0"/>
  <testcase name="testCalculateMedian2" classname="org.jfree.data.statistics.junit.StatisticsTests" time="0"/>
  <testcase name="testCalculateMedian3" classname="org.jfree.data.statistics.junit.StatisticsTests" time="0"/>
  <testcase name="testCalculateMedian4" classname="org.jfree.data.statistics.junit.StatisticsTests" time="0"/>
  <testcase name="testCalculateMedian5" classname="org.jfree.data.statistics.junit.StatisticsTests" time="0"/>
  <testcase name="testCalculateMedian6" classname="org.jfree.data.statistics.junit.StatisticsTests" time="0"/>
  <testcase name="testGetStdDev" classname="org.jfree.data.statistics.junit.StatisticsTests" time="0"/>
</testsuite>