<?xml version="1.0" encoding="UTF-8"?>
<testsuite name="org.jfree.chart.renderer.category.junit.RendererCategoryPackageTests" time="2.499" tests="127" errors="0" skipped="0" failures="0">
  <properties>
[...]
</properties>
  <testcase name="testCloning_LegendItemToolTipGenerator" classname="org.jfree.chart.renderer.category.junit.AbstractCategoryItemRendererTests" time="0.527"/>
  <testcase name="testCloning_LegendItemLabelGenerator" classname="org.jfree.chart.renderer.category.junit.AbstractCategoryItemRendererTests" time="0.001"/>
  <testcase name="testGetSeriesURLGenerator" classname="org.jfree.chart.renderer.category.junit.AbstractCategoryItemRendererTests" time="0.003"/>
  <testcase name="testEquals" classname="org.jfree.chart.renderer.category.junit.AbstractCategoryItemRendererTests" time="0.006"/>
  <testcase name="testGetSeriesItemLabelGenerator" classname="org.jfree.chart.renderer.category.junit.AbstractCategoryItemRendererTests" time="0.004"/>
  <testcase name="testCloning_LegendItemURLGenerator" classname="org.jfree.chart.renderer.category.junit.AbstractCategoryItemRendererTests" time="0.001"/>
  <testcase name="testCloning1" classname="org.jfree.chart.renderer.category.junit.AbstractCategoryItemRendererTests" time="0"/>
  <testcase name="testCloning2" classname="org.jfree.chart.renderer.category.junit.AbstractCategoryItemRendererTests" time="0.004"/>
  <testcase name="testSerialization" classname="org.jfree.chart.renderer.category.junit.AreaRendererTests" time="0.092"/>
  <testcase name="testGetLegendItemSeriesIndex" classname="org.jfree.chart.renderer.category.junit.AreaRendererTests" time="0.058"/>
  <testcase name="testCloning" classname="org.jfree.chart.renderer.category.junit.AreaRendererTests" time="0.001"/>
  <testcase name="testHashcode" classname="org.jfree.chart.renderer.category.junit.AreaRendererTests" time="0.001"/>
  <testcase name="testEquals" classname="org.jfree.chart.renderer.category.junit.AreaRendererTests" time="0.001"/>
  <testcase name="testSerialization" classname="org.jfree.chart.renderer.category.junit.BarRendererTests" time="0.009"/>
  <testcase name="testEventNotification" classname="org.jfree.chart.renderer.category.junit.BarRendererTests" time="0.001"/>
  <testcase name="testGetLegendItemSeriesIndex" classname="org.jfree.chart.renderer.category.junit.BarRendererTests" time="0.003"/>
  <testcase name="testCloning" classname="org.jfree.chart.renderer.category.junit.BarRendererTests" time="0"/>
  <testcase name="testHashcode" classname="org.jfree.chart.renderer.category.junit.BarRendererTests" time="0"/>
  <testcase name="testEquals" classname="org.jfree.chart.renderer.category.junit.BarRendererTests" time="0.001"/>
  <testcase name="testGetLegendItem" classname="org.jfree.chart.renderer.category.junit.BarRendererTests" time="0.003"/>
  <testcase name="testSerialization" classname="org.jfree.chart.renderer.category.junit.BarRenderer3DTests" time="0.008"/>
  <testcase name="testCloning" classname="org.jfree.chart.renderer.category.junit.BarRenderer3DTests" time="0.001"/>
  <testcase name="testHashcode" classname="org.jfree.chart.renderer.category.junit.BarRenderer3DTests" time="0.001"/>
  <testcase name="testEquals" classname="org.jfree.chart.renderer.category.junit.BarRenderer3DTests" time="0"/>
  <testcase name="testDrawWithNullInfo" classname="org.jfree.chart.renderer.category.junit.BoxAndWhiskerRendererTests" time="1.561"/>
  <testcase name="testSerialization" classname="org.jfree.chart.renderer.category.junit.BoxAndWhiskerRendererTests" time="0.008"/>
  <testcase name="testBug1572478Vertical" classname="org.jfree.chart.renderer.category.junit.BoxAndWhiskerRendererTests" time="0.009"/>
  <testcase name="testGetLegendItemSeriesIndex" classname="org.jfree.chart.renderer.category.junit.BoxAndWhiskerRendererTests" time="0.002"/>
  <testcase name="testCloning" classname="org.jfree.chart.renderer.category.junit.BoxAndWhiskerRendererTests" time="0"/>
  <testcase name="testHashcode" classname="org.jfree.chart.renderer.category.junit.BoxAndWhiskerRendererTests" time="0"/>
  <testcase name="testEquals" classname="org.jfree.chart.renderer.category.junit.BoxAndWhiskerRendererTests" time="0"/>
  <testcase name="testGetLegendItem" classname="org.jfree.chart.renderer.category.junit.BoxAndWhiskerRendererTests" time="0.003"/>
  <testcase name="testBug1572478Horizontal" classname="org.jfree.chart.renderer.category.junit.BoxAndWhiskerRendererTests" time="0.004"/>
  <testcase name="testSerialization" classname="org.jfree.chart.renderer.category.junit.CategoryStepRendererTests" time="0.009"/>
  <testcase name="testGetLegendItemSeriesIndex" classname="org.jfree.chart.renderer.category.junit.CategoryStepRendererTests" time="0.001"/>
  <testcase name="testCloning" classname="org.jfree.chart.renderer.category.junit.CategoryStepRendererTests" time="0"/>
  <testcase name="testEquals" classname="org.jfree.chart.renderer.category.junit.CategoryStepRendererTests" time="0"/>
  <testcase name="testSerialization" classname="org.jfree.chart.renderer.category.junit.DefaultCategoryItemRendererTests" time="0.008"/>
  <testcase name="testCloning" classname="org.jfree.chart.renderer.category.junit.DefaultCategoryItemRendererTests" time="0"/>
  <testcase name="testHashcode" classname="org.jfree.chart.renderer.category.junit.DefaultCategoryItemRendererTests" time="0"/>
  <testcase name="testEquals" classname="org.jfree.chart.renderer.category.junit.DefaultCategoryItemRendererTests" time="0.001"/>
  <testcase name="testSerialization" classname="org.jfree.chart.renderer.category.junit.GanttRendererTests" time="0.006"/>
  <testcase name="testCloning" classname="org.jfree.chart.renderer.category.junit.GanttRendererTests" time="0.001"/>
  <testcase name="testHashcode" classname="org.jfree.chart.renderer.category.junit.GanttRendererTests" time="0"/>
  <testcase name="testEquals" classname="org.jfree.chart.renderer.category.junit.GanttRendererTests" time="0"/>
  <testcase name="testDrawWithNullInfo" classname="org.jfree.chart.renderer.category.junit.GroupedStackedBarRendererTests" time="0.006"/>
  <testcase name="testSerialization" classname="org.jfree.chart.renderer.category.junit.GroupedStackedBarRendererTests" time="0.007"/>
  <testcase name="testCloning" classname="org.jfree.chart.renderer.category.junit.GroupedStackedBarRendererTests" time="0.001"/>
  <testcase name="testEquals" classname="org.jfree.chart.renderer.category.junit.GroupedStackedBarRendererTests" time="0"/>
  <testcase name="testDrawWithNullInfo" classname="org.jfree.chart.renderer.category.junit.IntervalBarRendererTests" time="0.012"/>
  <testcase name="testSerialization" classname="org.jfree.chart.renderer.category.junit.IntervalBarRendererTests" time="0.005"/>
  <testcase name="testCloning" classname="org.jfree.chart.renderer.category.junit.IntervalBarRendererTests" time="0"/>
  <testcase name="testHashcode" classname="org.jfree.chart.renderer.category.junit.IntervalBarRendererTests" time="0.001"/>
  <testcase name="testEquals" classname="org.jfree.chart.renderer.category.junit.IntervalBarRendererTests" time="0"/>
  <testcase name="testDrawWithNullInfo" classname="org.jfree.chart.renderer.category.junit.LayeredBarRendererTests" time="0.005"/>
  <testcase name="testSerialization" classname="org.jfree.chart.renderer.category.junit.LayeredBarRendererTests" time="0.004"/>
  <testcase name="testCloning" classname="org.jfree.chart.renderer.category.junit.LayeredBarRendererTests" time="0.001"/>
  <testcase name="testHashcode" classname="org.jfree.chart.renderer.category.junit.LayeredBarRendererTests" time="0"/>
  <testcase name="testEquals" classname="org.jfree.chart.renderer.category.junit.LayeredBarRendererTests" time="0"/>
  <testcase name="testDrawWithNullInfo" classname="org.jfree.chart.renderer.category.junit.LevelRendererTests" time="0.006"/>
  <testcase name="testSerialization" classname="org.jfree.chart.renderer.category.junit.LevelRendererTests" time="0.005"/>
  <testcase name="testGetLegendItemSeriesIndex" classname="org.jfree.chart.renderer.category.junit.LevelRendererTests" time="0.001"/>
  <testcase name="testCloning" classname="org.jfree.chart.renderer.category.junit.LevelRendererTests" time="0.001"/>
  <testcase name="testHashcode" classname="org.jfree.chart.renderer.category.junit.LevelRendererTests" time="0"/>
  <testcase name="testEquals" classname="org.jfree.chart.renderer.category.junit.LevelRendererTests" time="0.001"/>
  <testcase name="testSerialization" classname="org.jfree.chart.renderer.category.junit.LineAndShapeRendererTests" time="0.004"/>
  <testcase name="testGetLegendItemSeriesIndex" classname="org.jfree.chart.renderer.category.junit.LineAndShapeRendererTests" time="0.001"/>
  <testcase name="testCloning" classname="org.jfree.chart.renderer.category.junit.LineAndShapeRendererTests" time="0"/>
  <testcase name="testHashcode" classname="org.jfree.chart.renderer.category.junit.LineAndShapeRendererTests" time="0"/>
  <testcase name="testEquals" classname="org.jfree.chart.renderer.category.junit.LineAndShapeRendererTests" time="0"/>
  <testcase name="testSerialization" classname="org.jfree.chart.renderer.category.junit.LineRenderer3DTests" time="0.006"/>
  <testcase name="testCloning" classname="org.jfree.chart.renderer.category.junit.LineRenderer3DTests" time="0"/>
  <testcase name="testHashcode" classname="org.jfree.chart.renderer.category.junit.LineRenderer3DTests" time="0.001"/>
  <testcase name="testEquals" classname="org.jfree.chart.renderer.category.junit.LineRenderer3DTests" time="0"/>
  <testcase name="testDrawWithNullInfo" classname="org.jfree.chart.renderer.category.junit.MinMaxCategoryRendererTests" time="0.011"/>
  <testcase name="testSerialization" classname="org.jfree.chart.renderer.category.junit.MinMaxCategoryRendererTests" time="0.005"/>
  <testcase name="testCloning" classname="org.jfree.chart.renderer.category.junit.MinMaxCategoryRendererTests" time="0.001"/>
  <testcase name="testHashcode" classname="org.jfree.chart.renderer.category.junit.MinMaxCategoryRendererTests" time="0.001"/>
  <testcase name="testEquals" classname="org.jfree.chart.renderer.category.junit.MinMaxCategoryRendererTests" time="0"/>
  <testcase name="testSerialization" classname="org.jfree.chart.renderer.category.junit.StackedAreaRendererTests" time="0.005"/>
  <testcase name="testCloning" classname="org.jfree.chart.renderer.category.junit.StackedAreaRendererTests" time="0"/>
  <testcase name="testHashcode" classname="org.jfree.chart.renderer.category.junit.StackedAreaRendererTests" time="0"/>
  <testcase name="testEquals" classname="org.jfree.chart.renderer.category.junit.StackedAreaRendererTests" time="0"/>
  <testcase name="testSerialization" classname="org.jfree.chart.renderer.category.junit.StackedBarRendererTests" time="0.009"/>
  <testcase name="testCloning" classname="org.jfree.chart.renderer.category.junit.StackedBarRendererTests" time="0.001"/>
  <testcase name="testHashCode" classname="org.jfree.chart.renderer.category.junit.StackedBarRendererTests" time="0.001"/>
  <testcase name="testEquals" classname="org.jfree.chart.renderer.category.junit.StackedBarRendererTests" time="0.001"/>
  <testcase name="testSerialization" classname="org.jfree.chart.renderer.category.junit.StackedBarRenderer3DTests" time="0.008"/>
  <testcase name="testCreateStackedValueList1" classname="org.jfree.chart.renderer.category.junit.StackedBarRenderer3DTests" time="0"/>
  <testcase name="testCreateStackedValueList2" classname="org.jfree.chart.renderer.category.junit.StackedBarRenderer3DTests" time="0"/>
  <testcase name="testCreateStackedValueList3" classname="org.jfree.chart.renderer.category.junit.StackedBarRenderer3DTests" time="0"/>
  <testcase name="testCreateStackedValueList4" classname="org.jfree.chart.renderer.category.junit.StackedBarRenderer3DTests" time="0"/>
  <testcase name="testCreateStackedValueList5" classname="org.jfree.chart.renderer.category.junit.StackedBarRenderer3DTests" time="0"/>
  <testcase name="testCloning" classname="org.jfree.chart.renderer.category.junit.StackedBarRenderer3DTests" time="0"/>
  <testcase name="testHashcode" classname="org.jfree.chart.renderer.category.junit.StackedBarRenderer3DTests" time="0"/>
  <testcase name="testEquals" classname="org.jfree.chart.renderer.category.junit.StackedBarRenderer3DTests" time="0"/>
  <testcase name="testCreateStackedValueList1a" classname="org.jfree.chart.renderer.category.junit.StackedBarRenderer3DTests" time="0"/>
  <testcase name="testCreateStackedValueList1b" classname="org.jfree.chart.renderer.category.junit.StackedBarRenderer3DTests" time="0"/>
  <testcase name="testCreateStackedValueList1c" classname="org.jfree.chart.renderer.category.junit.StackedBarRenderer3DTests" time="0"/>
  <testcase name="testCreateStackedValueList1d" classname="org.jfree.chart.renderer.category.junit.StackedBarRenderer3DTests" time="0"/>
  <testcase name="testCreateStackedValueList2a" classname="org.jfree.chart.renderer.category.junit.StackedBarRenderer3DTests" time="0"/>
  <testcase name="testCreateStackedValueList2b" classname="org.jfree.chart.renderer.category.junit.StackedBarRenderer3DTests" time="0.001"/>
  <testcase name="testCreateStackedValueList2c" classname="org.jfree.chart.renderer.category.junit.StackedBarRenderer3DTests" time="0"/>
  <testcase name="testCreateStackedValueList2d" classname="org.jfree.chart.renderer.category.junit.StackedBarRenderer3DTests" time="0"/>
  <testcase name="testCreateStackedValueList3a" classname="org.jfree.chart.renderer.category.junit.StackedBarRenderer3DTests" time="0"/>
  <testcase name="testCreateStackedValueList3b" classname="org.jfree.chart.renderer.category.junit.StackedBarRenderer3DTests" time="0.001"/>
  <testcase name="testCreateStackedValueList3c" classname="org.jfree.chart.renderer.category.junit.StackedBarRenderer3DTests" time="0"/>
  <testcase name="testCreateStackedValueList3d" classname="org.jfree.chart.renderer.category.junit.StackedBarRenderer3DTests" time="0"/>
  <testcase name="testDrawWithNullInfo" classname="org.jfree.chart.renderer.category.junit.StatisticalBarRendererTests" time="0.007"/>
  <testcase name="testSerialization" classname="org.jfree.chart.renderer.category.junit.StatisticalBarRendererTests" time="0.004"/>
  <testcase name="testDrawWithNullMeanVertical" classname="org.jfree.chart.renderer.category.junit.StatisticalBarRendererTests" time="0.004"/>
  <testcase name="testDrawWithNullDeviationVertical" classname="org.jfree.chart.renderer.category.junit.StatisticalBarRendererTests" time="0.004"/>
  <testcase name="testDrawWithNullMeanHorizontal" classname="org.jfree.chart.renderer.category.junit.StatisticalBarRendererTests" time="0.007"/>
  <testcase name="testCloning" classname="org.jfree.chart.renderer.category.junit.StatisticalBarRendererTests" time="0"/>
  <testcase name="testHashcode" classname="org.jfree.chart.renderer.category.junit.StatisticalBarRendererTests" time="0.001"/>
  <testcase name="testDrawWithNullDeviationHorizontal" classname="org.jfree.chart.renderer.category.junit.StatisticalBarRendererTests" time="0.003"/>
  <testcase name="testEquals" classname="org.jfree.chart.renderer.category.junit.StatisticalBarRendererTests" time="0.001"/>
  <testcase name="testDrawWithNullInfo" classname="org.jfree.chart.renderer.category.junit.StatisticalLineAndShapeRendererTests" time="0.006"/>
  <testcase name="testSerialization" classname="org.jfree.chart.renderer.category.junit.StatisticalLineAndShapeRendererTests" time="0.004"/>
  <testcase name="test1562759" classname="org.jfree.chart.renderer.category.junit.StatisticalLineAndShapeRendererTests" time="0"/>
  <testcase name="testCloning" classname="org.jfree.chart.renderer.category.junit.StatisticalLineAndShapeRendererTests" time="0"/>
  <testcase name="testHashcode" classname="org.jfree.chart.renderer.category.junit.StatisticalLineAndShapeRendererTests" time="0.001"/>
  <testcase name="testEquals" classname="org.jfree.chart.renderer.category.junit.StatisticalLineAndShapeRendererTests" time="0"/>
  <testcase name="testSerialization" classname="org.jfree.chart.renderer.category.junit.WaterfallBarRendererTests" time="0.005"/>
  <testcase name="testCloning" classname="org.jfree.chart.renderer.category.junit.WaterfallBarRendererTests" time="0"/>
  <testcase name="testHashcode" classname="org.jfree.chart.renderer.category.junit.WaterfallBarRendererTests" time="0"/>
  <testcase name="testEquals" classname="org.jfree.chart.renderer.category.junit.WaterfallBarRendererTests" time="0"/>
</testsuite>