<?xml version="1.0" encoding="UTF-8" ?>
<testsuite failures="0" time="0.021" errors="0" skipped="0" tests="77" name="org.apache.commons.lang3.text.StrBuilderTest">
  <properties>
[...]
</properties>
  <testcase time="0.005" classname="org.apache.commons.lang3.text.StrBuilderTest" name="testAsTokenizer"/>
  <testcase time="0.001" classname="org.apache.commons.lang3.text.StrBuilderTest" name="testDeleteFirst_StrMatcher"/>
  <testcase time="0" classname="org.apache.commons.lang3.text.StrBuilderTest" name="testReplaceFirst_StrMatcher_String"/>
  <testcase time="0" classname="org.apache.commons.lang3.text.StrBuilderTest" name="testDeleteAll_String"/>
  <testcase time="0" classname="org.apache.commons.lang3.text.StrBuilderTest" name="testEndsWith"/>
  <testcase time="0" classname="org.apache.commons.lang3.text.StrBuilderTest" name="testGetSetNullText"/>
  <testcase time="0" classname="org.apache.commons.lang3.text.StrBuilderTest" name="testIndexOfLang294"/>
  <testcase time="0.001" classname="org.apache.commons.lang3.text.StrBuilderTest" name="testSubSequenceIntInt"/>
  <testcase time="0" classname="org.apache.commons.lang3.text.StrBuilderTest" name="testGetChars"/>
  <testcase time="0" classname="org.apache.commons.lang3.text.StrBuilderTest" name="testLastIndexOf_String"/>
  <testcase time="0.001" classname="org.apache.commons.lang3.text.StrBuilderTest" name="testDeleteAll_char"/>
  <testcase time="0" classname="org.apache.commons.lang3.text.StrBuilderTest" name="testReplace_StrMatcher_String_int_int_int_VaryEndIndex"/>
  <testcase time="0" classname="org.apache.commons.lang3.text.StrBuilderTest" name="testLastIndexOf_char_int"/>
  <testcase time="0" classname="org.apache.commons.lang3.text.StrBuilderTest" name="testClear"/>
  <testcase time="0" classname="org.apache.commons.lang3.text.StrBuilderTest" name="testSize"/>
  <testcase time="0.001" classname="org.apache.commons.lang3.text.StrBuilderTest" name="testTrim"/>
  <testcase time="0" classname="org.apache.commons.lang3.text.StrBuilderTest" name="testRightString"/>
  <testcase time="0" classname="org.apache.commons.lang3.text.StrBuilderTest" name="testToString"/>
  <testcase time="0" classname="org.apache.commons.lang3.text.StrBuilderTest" name="testConstructors"/>
  <testcase time="0.001" classname="org.apache.commons.lang3.text.StrBuilderTest" name="testMinimizeCapacity"/>
  <testcase time="0" classname="org.apache.commons.lang3.text.StrBuilderTest" name="testSubstringIntInt"/>
  <testcase time="0" classname="org.apache.commons.lang3.text.StrBuilderTest" name="testLang412Left"/>
  <testcase time="0.001" classname="org.apache.commons.lang3.text.StrBuilderTest" name="testContains_String"/>
  <testcase time="0" classname="org.apache.commons.lang3.text.StrBuilderTest" name="testEqualsIgnoreCase"/>
  <testcase time="0" classname="org.apache.commons.lang3.text.StrBuilderTest" name="testCapacityAndLength"/>
  <testcase time="0.001" classname="org.apache.commons.lang3.text.StrBuilderTest" name="testAsReader"/>
  <testcase time="0" classname="org.apache.commons.lang3.text.StrBuilderTest" name="testReplaceAll_String_String"/>
  <testcase time="0" classname="org.apache.commons.lang3.text.StrBuilderTest" name="testAsWriter"/>
  <testcase time="0" classname="org.apache.commons.lang3.text.StrBuilderTest" name="testLang294"/>
  <testcase time="0" classname="org.apache.commons.lang3.text.StrBuilderTest" name="testLang295"/>
  <testcase time="0" classname="org.apache.commons.lang3.text.StrBuilderTest" name="testReplaceAll_char_char"/>
  <testcase time="0" classname="org.apache.commons.lang3.text.StrBuilderTest" name="testLastIndexOf_String_int"/>
  <testcase time="0.001" classname="org.apache.commons.lang3.text.StrBuilderTest" name="testDeleteCharAt"/>
  <testcase time="0" classname="org.apache.commons.lang3.text.StrBuilderTest" name="testReplaceFirst_String_String"/>
  <testcase time="0" classname="org.apache.commons.lang3.text.StrBuilderTest" name="testContains_char"/>
  <testcase time="0" classname="org.apache.commons.lang3.text.StrBuilderTest" name="testDeleteIntInt"/>
  <testcase time="0.001" classname="org.apache.commons.lang3.text.StrBuilderTest" name="testReplace_StrMatcher_String_int_int_int_VaryCount"/>
  <testcase time="0" classname="org.apache.commons.lang3.text.StrBuilderTest" name="testReplaceFirst_char_char"/>
  <testcase time="0" classname="org.apache.commons.lang3.text.StrBuilderTest" name="testIndexOf_char"/>
  <testcase time="0" classname="org.apache.commons.lang3.text.StrBuilderTest" name="testReplace_int_int_String"/>
  <testcase time="0" classname="org.apache.commons.lang3.text.StrBuilderTest" name="testToCharArray"/>
  <testcase time="0" classname="org.apache.commons.lang3.text.StrBuilderTest" name="testLastIndexOf_StrMatcher"/>
  <testcase time="0.003" classname="org.apache.commons.lang3.text.StrBuilderTest" name="testIndexOf_StrMatcher_int"/>
  <testcase time="0" classname="org.apache.commons.lang3.text.StrBuilderTest" name="testEnsureCapacity"/>
  <testcase time="0" classname="org.apache.commons.lang3.text.StrBuilderTest" name="testLang412Right"/>
  <testcase time="0" classname="org.apache.commons.lang3.text.StrBuilderTest" name="testDeleteFirst_String"/>
  <testcase time="0" classname="org.apache.commons.lang3.text.StrBuilderTest" name="testMidString"/>
  <testcase time="0" classname="org.apache.commons.lang3.text.StrBuilderTest" name="testReplaceAll_StrMatcher_String"/>
  <testcase time="0" classname="org.apache.commons.lang3.text.StrBuilderTest" name="testCapacity"/>
  <testcase time="0" classname="org.apache.commons.lang3.text.StrBuilderTest" name="testReverse"/>
  <testcase time="0" classname="org.apache.commons.lang3.text.StrBuilderTest" name="testSetCharAt"/>
  <testcase time="0" classname="org.apache.commons.lang3.text.StrBuilderTest" name="testReplace_StrMatcher_String_int_int_int_VaryStartIndex"/>
  <testcase time="0" classname="org.apache.commons.lang3.text.StrBuilderTest" name="testHashCode"/>
  <testcase time="0" classname="org.apache.commons.lang3.text.StrBuilderTest" name="testSubstringInt"/>
  <testcase time="0.001" classname="org.apache.commons.lang3.text.StrBuilderTest" name="testSetLength"/>
  <testcase time="0" classname="org.apache.commons.lang3.text.StrBuilderTest" name="testCharAt"/>
  <testcase time="0" classname="org.apache.commons.lang3.text.StrBuilderTest" name="testReplace_StrMatcher_String_int_int_int_VaryMatcher"/>
  <testcase time="0" classname="org.apache.commons.lang3.text.StrBuilderTest" name="testEquals"/>
  <testcase time="0" classname="org.apache.commons.lang3.text.StrBuilderTest" name="testLastIndexOf_char"/>
  <testcase time="0" classname="org.apache.commons.lang3.text.StrBuilderTest" name="testLeftString"/>
  <testcase time="0" classname="org.apache.commons.lang3.text.StrBuilderTest" name="testIndexOf_String_int"/>
  <testcase time="0" classname="org.apache.commons.lang3.text.StrBuilderTest" name="testContains_StrMatcher"/>
  <testcase time="0" classname="org.apache.commons.lang3.text.StrBuilderTest" name="testLength"/>
  <testcase time="0" classname="org.apache.commons.lang3.text.StrBuilderTest" name="testReplace_StrMatcher_String_int_int_int_VaryReplace"/>
  <testcase time="0.001" classname="org.apache.commons.lang3.text.StrBuilderTest" name="testDeleteFirst_char"/>
  <testcase time="0" classname="org.apache.commons.lang3.text.StrBuilderTest" name="testDeleteAll_StrMatcher"/>
  <testcase time="0" classname="org.apache.commons.lang3.text.StrBuilderTest" name="testIsEmpty"/>
  <testcase time="0" classname="org.apache.commons.lang3.text.StrBuilderTest" name="testToCharArrayIntInt"/>
  <testcase time="0" classname="org.apache.commons.lang3.text.StrBuilderTest" name="testGetSetNewLineText"/>
  <testcase time="0" classname="org.apache.commons.lang3.text.StrBuilderTest" name="testToStringBuffer"/>
  <testcase time="0" classname="org.apache.commons.lang3.text.StrBuilderTest" name="testIndexOf_String"/>
  <testcase time="0.001" classname="org.apache.commons.lang3.text.StrBuilderTest" name="testIndexOf_char_int"/>
  <testcase time="0" classname="org.apache.commons.lang3.text.StrBuilderTest" name="testGetCharsIntIntCharArrayInt"/>
  <testcase time="0" classname="org.apache.commons.lang3.text.StrBuilderTest" name="testStartsWith"/>
  <testcase time="0" classname="org.apache.commons.lang3.text.StrBuilderTest" name="testIndexOf_StrMatcher"/>
  <testcase time="0.001" classname="org.apache.commons.lang3.text.StrBuilderTest" name="testLastIndexOf_StrMatcher_int"/>
  <testcase time="0" classname="org.apache.commons.lang3.text.StrBuilderTest" name="testChaining"/>
</testsuite>