<?xml version="1.0" encoding="UTF-8" ?>
<testsuite failures="0" time="0.019" errors="0" skipped="0" tests="145" name="org.apache.commons.lang3.ArrayUtilsTest">
  <properties>
[...]
</properties>
  <testcase time="0" classname="org.apache.commons.lang3.ArrayUtilsTest" name="testNullToEmptyCharObject"/>
  <testcase time="0" classname="org.apache.commons.lang3.ArrayUtilsTest" name="testToPrimitive_double_double"/>
  <testcase time="0" classname="org.apache.commons.lang3.ArrayUtilsTest" name="testNullToEmptyDoubleObject"/>
  <testcase time="0" classname="org.apache.commons.lang3.ArrayUtilsTest" name="testSubarrayBoolean"/>
  <testcase time="0.001" classname="org.apache.commons.lang3.ArrayUtilsTest" name="testNullToEmptyBoolean"/>
  <testcase time="0" classname="org.apache.commons.lang3.ArrayUtilsTest" name="testNullToEmptyInt"/>
  <testcase time="0" classname="org.apache.commons.lang3.ArrayUtilsTest" name="testToPrimitive_float"/>
  <testcase time="0" classname="org.apache.commons.lang3.ArrayUtilsTest" name="testToPrimitive_short"/>
  <testcase time="0" classname="org.apache.commons.lang3.ArrayUtilsTest" name="testNullToEmptyByte"/>
  <testcase time="0.001" classname="org.apache.commons.lang3.ArrayUtilsTest" name="testNullToEmptyChar"/>
  <testcase time="0" classname="org.apache.commons.lang3.ArrayUtilsTest" name="testNullToEmptyLong"/>
  <testcase time="0" classname="org.apache.commons.lang3.ArrayUtilsTest" name="testNullToEmptyDouble"/>
  <testcase time="0" classname="org.apache.commons.lang3.ArrayUtilsTest" name="testContainsDoubleTolerance"/>
  <testcase time="0" classname="org.apache.commons.lang3.ArrayUtilsTest" name="testToPrimitive_byte_byte"/>
  <testcase time="0" classname="org.apache.commons.lang3.ArrayUtilsTest" name="testToPrimitive_short_short"/>
  <testcase time="0" classname="org.apache.commons.lang3.ArrayUtilsTest" name="testLastIndexOfShortWithStartIndex"/>
  <testcase time="0" classname="org.apache.commons.lang3.ArrayUtilsTest" name="testIndexOfDoubleWithStartIndex"/>
  <testcase time="0" classname="org.apache.commons.lang3.ArrayUtilsTest" name="testSameType"/>
  <testcase time="0" classname="org.apache.commons.lang3.ArrayUtilsTest" name="testArrayCreation"/>
  <testcase time="0" classname="org.apache.commons.lang3.ArrayUtilsTest" name="testIndexOfBoolean"/>
  <testcase time="0" classname="org.apache.commons.lang3.ArrayUtilsTest" name="testNullToEmptyObject"/>
  <testcase time="0.001" classname="org.apache.commons.lang3.ArrayUtilsTest" name="testReverseInt"/>
  <testcase time="0" classname="org.apache.commons.lang3.ArrayUtilsTest" name="testLastIndexOfDouble"/>
  <testcase time="0" classname="org.apache.commons.lang3.ArrayUtilsTest" name="testNullToEmptyString"/>
  <testcase time="0" classname="org.apache.commons.lang3.ArrayUtilsTest" name="testNullToEmptyShortObject"/>
  <testcase time="0.001" classname="org.apache.commons.lang3.ArrayUtilsTest" name="testIsEmptyPrimitives"/>
  <testcase time="0" classname="org.apache.commons.lang3.ArrayUtilsTest" name="testClone"/>
  <testcase time="0" classname="org.apache.commons.lang3.ArrayUtilsTest" name="testSameLengthInt"/>
  <testcase time="0.001" classname="org.apache.commons.lang3.ArrayUtilsTest" name="testToMap"/>
  <testcase time="0" classname="org.apache.commons.lang3.ArrayUtilsTest" name="testLastIndexOf"/>
  <testcase time="0" classname="org.apache.commons.lang3.ArrayUtilsTest" name="testReverseDouble"/>
  <testcase time="0" classname="org.apache.commons.lang3.ArrayUtilsTest" name="testContainsByte"/>
  <testcase time="0" classname="org.apache.commons.lang3.ArrayUtilsTest" name="testContainsChar"/>
  <testcase time="0" classname="org.apache.commons.lang3.ArrayUtilsTest" name="testContainsLong"/>
  <testcase time="0" classname="org.apache.commons.lang3.ArrayUtilsTest" name="testIndexOfLongWithStartIndex"/>
  <testcase time="0.001" classname="org.apache.commons.lang3.ArrayUtilsTest" name="testToPrimitive_boolean"/>
  <testcase time="0" classname="org.apache.commons.lang3.ArrayUtilsTest" name="testLastIndexOfByte"/>
  <testcase time="0" classname="org.apache.commons.lang3.ArrayUtilsTest" name="testLastIndexOfChar"/>
  <testcase time="0" classname="org.apache.commons.lang3.ArrayUtilsTest" name="testLastIndexOfLong"/>
  <testcase time="0" classname="org.apache.commons.lang3.ArrayUtilsTest" name="testToString"/>
  <testcase time="0" classname="org.apache.commons.lang3.ArrayUtilsTest" name="testCloneDouble"/>
  <testcase time="0.001" classname="org.apache.commons.lang3.ArrayUtilsTest" name="testIndexOfDoubleTolerance"/>
  <testcase time="0" classname="org.apache.commons.lang3.ArrayUtilsTest" name="testIndexOfByteWithStartIndex"/>
  <testcase time="0" classname="org.apache.commons.lang3.ArrayUtilsTest" name="testToPrimitive_double"/>
  <testcase time="0" classname="org.apache.commons.lang3.ArrayUtilsTest" name="testSubarrayFloat"/>
  <testcase time="0" classname="org.apache.commons.lang3.ArrayUtilsTest" name="testSubarrayShort"/>
  <testcase time="0" classname="org.apache.commons.lang3.ArrayUtilsTest" name="testLastIndexOfBoolean"/>
  <testcase time="0" classname="org.apache.commons.lang3.ArrayUtilsTest" name="testSubarrayInt"/>
  <testcase time="0" classname="org.apache.commons.lang3.ArrayUtilsTest" name="testLastIndexOfIntWithStartIndex"/>
  <testcase time="0" classname="org.apache.commons.lang3.ArrayUtilsTest" name="testArrayCreationWithDifferentTypes"/>
  <testcase time="0" classname="org.apache.commons.lang3.ArrayUtilsTest" name="testIndexOfDoubleWithStartIndexTolerance"/>
  <testcase time="0" classname="org.apache.commons.lang3.ArrayUtilsTest" name="testArrayCreationWithGeneralReturnType"/>
  <testcase time="0" classname="org.apache.commons.lang3.ArrayUtilsTest" name="testContainsInt"/>
  <testcase time="0" classname="org.apache.commons.lang3.ArrayUtilsTest" name="testLastIndexOfDoubleWithStartIndexTolerance"/>
  <testcase time="0.001" classname="org.apache.commons.lang3.ArrayUtilsTest" name="testToObject_double"/>
  <testcase time="0" classname="org.apache.commons.lang3.ArrayUtilsTest" name="testLastIndexOfInt"/>
  <testcase time="0" classname="org.apache.commons.lang3.ArrayUtilsTest" name="testSubarrayByte"/>
  <testcase time="0" classname="org.apache.commons.lang3.ArrayUtilsTest" name="testSubarrayLong"/>
  <testcase time="0" classname="org.apache.commons.lang3.ArrayUtilsTest" name="testSubarrChar"/>
  <testcase time="0.001" classname="org.apache.commons.lang3.ArrayUtilsTest" name="testIsNotEmptyPrimitives"/>
  <testcase time="0" classname="org.apache.commons.lang3.ArrayUtilsTest" name="testToObject_byte"/>
  <testcase time="0" classname="org.apache.commons.lang3.ArrayUtilsTest" name="testToObject_char"/>
  <testcase time="0" classname="org.apache.commons.lang3.ArrayUtilsTest" name="testToObject_long"/>
  <testcase time="0" classname="org.apache.commons.lang3.ArrayUtilsTest" name="testNullToEmptyFloat"/>
  <testcase time="0" classname="org.apache.commons.lang3.ArrayUtilsTest" name="testToPrimitive_float_float"/>
  <testcase time="0" classname="org.apache.commons.lang3.ArrayUtilsTest" name="testNullToEmptyShort"/>
  <testcase time="0" classname="org.apache.commons.lang3.ArrayUtilsTest" name="testLastIndexOfLongWithStartIndex"/>
  <testcase time="0" classname="org.apache.commons.lang3.ArrayUtilsTest" name="testContainsFloat"/>
  <testcase time="0" classname="org.apache.commons.lang3.ArrayUtilsTest" name="testContainsShort"/>
  <testcase time="0" classname="org.apache.commons.lang3.ArrayUtilsTest" name="testIsNotEmptyObject"/>
  <testcase time="0" classname="org.apache.commons.lang3.ArrayUtilsTest" name="testToObject_int"/>
  <testcase time="0" classname="org.apache.commons.lang3.ArrayUtilsTest" name="testContainsBoolean"/>
  <testcase time="0" classname="org.apache.commons.lang3.ArrayUtilsTest" name="testIndexOfInt"/>
  <testcase time="0" classname="org.apache.commons.lang3.ArrayUtilsTest" name="testIndexOfFloat"/>
  <testcase time="0" classname="org.apache.commons.lang3.ArrayUtilsTest" name="testIndexOfFloatWithStartIndex"/>
  <testcase time="0" classname="org.apache.commons.lang3.ArrayUtilsTest" name="testCloneByte"/>
  <testcase time="0.001" classname="org.apache.commons.lang3.ArrayUtilsTest" name="testCloneChar"/>
  <testcase time="0" classname="org.apache.commons.lang3.ArrayUtilsTest" name="testCloneLong"/>
  <testcase time="0" classname="org.apache.commons.lang3.ArrayUtilsTest" name="testIndexOfShort"/>
  <testcase time="0" classname="org.apache.commons.lang3.ArrayUtilsTest" name="testIsEquals"/>
  <testcase time="0" classname="org.apache.commons.lang3.ArrayUtilsTest" name="testEmptyArrayCreation"/>
  <testcase time="0" classname="org.apache.commons.lang3.ArrayUtilsTest" name="testIndexOfCharWithStartIndex"/>
  <testcase time="0" classname="org.apache.commons.lang3.ArrayUtilsTest" name="testLastIndexOfByteWithStartIndex"/>
  <testcase time="0" classname="org.apache.commons.lang3.ArrayUtilsTest" name="testContains"/>
  <testcase time="0.001" classname="org.apache.commons.lang3.ArrayUtilsTest" name="testToPrimitive_int"/>
  <testcase time="0" classname="org.apache.commons.lang3.ArrayUtilsTest" name="testNullToEmptyFloatObject"/>
  <testcase time="0" classname="org.apache.commons.lang3.ArrayUtilsTest" name="testCloneBoolean"/>
  <testcase time="0" classname="org.apache.commons.lang3.ArrayUtilsTest" name="testIndirectArrayCreation"/>
  <testcase time="0" classname="org.apache.commons.lang3.ArrayUtilsTest" name="testToObject_boolean"/>
  <testcase time="0" classname="org.apache.commons.lang3.ArrayUtilsTest" name="testSameLengthDouble"/>
  <testcase time="0" classname="org.apache.commons.lang3.ArrayUtilsTest" name="testToPrimitive_long_long"/>
  <testcase time="0" classname="org.apache.commons.lang3.ArrayUtilsTest" name="testIndexOfBooleanWithStartIndex"/>
  <testcase time="0" classname="org.apache.commons.lang3.ArrayUtilsTest" name="testIndexOfByte"/>
  <testcase time="0" classname="org.apache.commons.lang3.ArrayUtilsTest" name="testIndexOfChar"/>
  <testcase time="0" classname="org.apache.commons.lang3.ArrayUtilsTest" name="testIndexOfLong"/>
  <testcase time="0" classname="org.apache.commons.lang3.ArrayUtilsTest" name="testNullToEmptyLongObject"/>
  <testcase time="0" classname="org.apache.commons.lang3.ArrayUtilsTest" name="testReverse"/>
  <testcase time="0.001" classname="org.apache.commons.lang3.ArrayUtilsTest" name="testLastIndexOfDoubleTolerance"/>
  <testcase time="0" classname="org.apache.commons.lang3.ArrayUtilsTest" name="testToPrimitive_intNull"/>
  <testcase time="0" classname="org.apache.commons.lang3.ArrayUtilsTest" name="testToPrimitive_int_int"/>
  <testcase time="0" classname="org.apache.commons.lang3.ArrayUtilsTest" name="testSubarrayDouble"/>
  <testcase time="0" classname="org.apache.commons.lang3.ArrayUtilsTest" name="testReverseByte"/>
  <testcase time="0" classname="org.apache.commons.lang3.ArrayUtilsTest" name="testReverseChar"/>
  <testcase time="0" classname="org.apache.commons.lang3.ArrayUtilsTest" name="testReverseLong"/>
  <testcase time="0.001" classname="org.apache.commons.lang3.ArrayUtilsTest" name="testReverseFloat"/>
  <testcase time="0" classname="org.apache.commons.lang3.ArrayUtilsTest" name="testLastIndexOfWithStartIndex"/>
  <testcase time="0" classname="org.apache.commons.lang3.ArrayUtilsTest" name="testReverseShort"/>
  <testcase time="0" classname="org.apache.commons.lang3.ArrayUtilsTest" name="testIndexOfDouble"/>
  <testcase time="0" classname="org.apache.commons.lang3.ArrayUtilsTest" name="testLastIndexOfBooleanWithStartIndex"/>
  <testcase time="0" classname="org.apache.commons.lang3.ArrayUtilsTest" name="testLastIndexOfFloatWithStartIndex"/>
  <testcase time="0.001" classname="org.apache.commons.lang3.ArrayUtilsTest" name="testSameLengthFloat"/>
  <testcase time="0.001" classname="org.apache.commons.lang3.ArrayUtilsTest" name="testSubarrayObject"/>
  <testcase time="0" classname="org.apache.commons.lang3.ArrayUtilsTest" name="testSameLengthShort"/>
  <testcase time="0.001" classname="org.apache.commons.lang3.ArrayUtilsTest" name="testLastIndexOfCharWithStartIndex"/>
  <testcase time="0" classname="org.apache.commons.lang3.ArrayUtilsTest" name="testNullToEmptyIntObject"/>
  <testcase time="0" classname="org.apache.commons.lang3.ArrayUtilsTest" name="testToObject_float"/>
  <testcase time="0" classname="org.apache.commons.lang3.ArrayUtilsTest" name="testToObject_short"/>
  <testcase time="0.001" classname="org.apache.commons.lang3.ArrayUtilsTest" name="testGetLength"/>
  <testcase time="0" classname="org.apache.commons.lang3.ArrayUtilsTest" name="testLastIndexOfDoubleWithStartIndex"/>
  <testcase time="0" classname="org.apache.commons.lang3.ArrayUtilsTest" name="testSameLengthByte"/>
  <testcase time="0" classname="org.apache.commons.lang3.ArrayUtilsTest" name="testSameLengthChar"/>
  <testcase time="0" classname="org.apache.commons.lang3.ArrayUtilsTest" name="testSameLengthLong"/>
  <testcase time="0" classname="org.apache.commons.lang3.ArrayUtilsTest" name="testLastIndexOfFloat"/>
  <testcase time="0" classname="org.apache.commons.lang3.ArrayUtilsTest" name="testLastIndexOfShort"/>
  <testcase time="0" classname="org.apache.commons.lang3.ArrayUtilsTest" name="testCloneFloat"/>
  <testcase time="0" classname="org.apache.commons.lang3.ArrayUtilsTest" name="testCloneShort"/>
  <testcase time="0.001" classname="org.apache.commons.lang3.ArrayUtilsTest" name="testToPrimitive_byte"/>
  <testcase time="0" classname="org.apache.commons.lang3.ArrayUtilsTest" name="testToPrimitive_char"/>
  <testcase time="0" classname="org.apache.commons.lang3.ArrayUtilsTest" name="testToPrimitive_long"/>
  <testcase time="0" classname="org.apache.commons.lang3.ArrayUtilsTest" name="testIsEmptyObject"/>
  <testcase time="0" classname="org.apache.commons.lang3.ArrayUtilsTest" name="testIndexOf"/>
  <testcase time="0" classname="org.apache.commons.lang3.ArrayUtilsTest" name="testIndexOfShortWithStartIndex"/>
  <testcase time="0" classname="org.apache.commons.lang3.ArrayUtilsTest" name="testSameLength"/>
  <testcase time="0" classname="org.apache.commons.lang3.ArrayUtilsTest" name="testIndexOfIntWithStartIndex"/>
  <testcase time="0" classname="org.apache.commons.lang3.ArrayUtilsTest" name="testCloneInt"/>
  <testcase time="0" classname="org.apache.commons.lang3.ArrayUtilsTest" name="testNullToEmptyByteObject"/>
  <testcase time="0" classname="org.apache.commons.lang3.ArrayUtilsTest" name="testSameLengthBoolean"/>
  <testcase time="0" classname="org.apache.commons.lang3.ArrayUtilsTest" name="testToPrimitive_char_char"/>
  <testcase time="0" classname="org.apache.commons.lang3.ArrayUtilsTest" name="testIndirectEmptyArrayCreation"/>
  <testcase time="0" classname="org.apache.commons.lang3.ArrayUtilsTest" name="testReverseBoolean"/>
  <testcase time="0" classname="org.apache.commons.lang3.ArrayUtilsTest" name="testToPrimitive_boolean_boolean"/>
  <testcase time="0" classname="org.apache.commons.lang3.ArrayUtilsTest" name="testNullToEmptyBooleanObject"/>
  <testcase time="0" classname="org.apache.commons.lang3.ArrayUtilsTest" name="testConstructor"/>
  <testcase time="0" classname="org.apache.commons.lang3.ArrayUtilsTest" name="testIndexOfWithStartIndex"/>
  <testcase time="0.001" classname="org.apache.commons.lang3.ArrayUtilsTest" name="testContainsDouble"/>
</testsuite>