<?xml version="1.0" encoding="UTF-8" ?>
<testsuite failures="0" time="0.032" errors="0" skipped="0" tests="74" name="org.apache.commons.lang3.builder.ToStringBuilderTest">
  <properties>
[...]
</properties>
  <testcase time="0.001" classname="org.apache.commons.lang3.builder.ToStringBuilderTest" name="test_setUpToClass_valid"/>
  <testcase time="0" classname="org.apache.commons.lang3.builder.ToStringBuilderTest" name="testCharArray"/>
  <testcase time="0" classname="org.apache.commons.lang3.builder.ToStringBuilderTest" name="testReflectionHierarchyArrayList"/>
  <testcase time="0" classname="org.apache.commons.lang3.builder.ToStringBuilderTest" name="testReflectionNull"/>
  <testcase time="0.001" classname="org.apache.commons.lang3.builder.ToStringBuilderTest" name="testDoubleArrayArray"/>
  <testcase time="0.001" classname="org.apache.commons.lang3.builder.ToStringBuilderTest" name="testReflectionBoolean"/>
  <testcase time="0" classname="org.apache.commons.lang3.builder.ToStringBuilderTest" name="testObjectArray"/>
  <testcase time="0.001" classname="org.apache.commons.lang3.builder.ToStringBuilderTest" name="testObjectBuild"/>
  <testcase time="0.001" classname="org.apache.commons.lang3.builder.ToStringBuilderTest" name="testObjectCycle"/>
  <testcase time="0.003" classname="org.apache.commons.lang3.builder.ToStringBuilderTest" name="testReflectionHierarchy"/>
  <testcase time="0" classname="org.apache.commons.lang3.builder.ToStringBuilderTest" name="testSelfInstanceTwoVarsReflectionObjectCycle"/>
  <testcase time="0.001" classname="org.apache.commons.lang3.builder.ToStringBuilderTest" name="testAppendToStringUsingMultiLineStyle"/>
  <testcase time="0.001" classname="org.apache.commons.lang3.builder.ToStringBuilderTest" name="testShortArrayArray"/>
  <testcase time="0" classname="org.apache.commons.lang3.builder.ToStringBuilderTest" name="testBooleanArrayArray"/>
  <testcase time="0.001" classname="org.apache.commons.lang3.builder.ToStringBuilderTest" name="testFloatArray"/>
  <testcase time="0" classname="org.apache.commons.lang3.builder.ToStringBuilderTest" name="testInt"/>
  <testcase time="0" classname="org.apache.commons.lang3.builder.ToStringBuilderTest" name="testByteArray"/>
  <testcase time="0.001" classname="org.apache.commons.lang3.builder.ToStringBuilderTest" name="testReflectionArrayCycle"/>
  <testcase time="0" classname="org.apache.commons.lang3.builder.ToStringBuilderTest" name="testReflectionLongArrayArray"/>
  <testcase time="0" classname="org.apache.commons.lang3.builder.ToStringBuilderTest" name="testBlank"/>
  <testcase time="0" classname="org.apache.commons.lang3.builder.ToStringBuilderTest" name="testFloat"/>
  <testcase time="0" classname="org.apache.commons.lang3.builder.ToStringBuilderTest" name="testShort"/>
  <testcase time="0" classname="org.apache.commons.lang3.builder.ToStringBuilderTest" name="testReflectionArrayArrayCycle"/>
  <testcase time="0" classname="org.apache.commons.lang3.builder.ToStringBuilderTest" name="testByte"/>
  <testcase time="0" classname="org.apache.commons.lang3.builder.ToStringBuilderTest" name="testChar"/>
  <testcase time="0" classname="org.apache.commons.lang3.builder.ToStringBuilderTest" name="testLong"/>
  <testcase time="0" classname="org.apache.commons.lang3.builder.ToStringBuilderTest" name="testReflectionFloatArray"/>
  <testcase time="0" classname="org.apache.commons.lang3.builder.ToStringBuilderTest" name="testLongArrayArray"/>
  <testcase time="0" classname="org.apache.commons.lang3.builder.ToStringBuilderTest" name="test_setUpToClass_invalid"/>
  <testcase time="0" classname="org.apache.commons.lang3.builder.ToStringBuilderTest" name="testBoolean"/>
  <testcase time="0.001" classname="org.apache.commons.lang3.builder.ToStringBuilderTest" name="testReflectionDoubleArrayArray"/>
  <testcase time="0" classname="org.apache.commons.lang3.builder.ToStringBuilderTest" name="testReflectionBooleanArray"/>
  <testcase time="0.001" classname="org.apache.commons.lang3.builder.ToStringBuilderTest" name="testReflectionInteger"/>
  <testcase time="0" classname="org.apache.commons.lang3.builder.ToStringBuilderTest" name="testBooleanArray"/>
  <testcase time="0.001" classname="org.apache.commons.lang3.builder.ToStringBuilderTest" name="testFloatArrayArray"/>
  <testcase time="0" classname="org.apache.commons.lang3.builder.ToStringBuilderTest" name="testReflectionyteArray"/>
  <testcase time="0" classname="org.apache.commons.lang3.builder.ToStringBuilderTest" name="testReflectionDoubleArray"/>
  <testcase time="0" classname="org.apache.commons.lang3.builder.ToStringBuilderTest" name="testReflectionIntArrayArray"/>
  <testcase time="0.002" classname="org.apache.commons.lang3.builder.ToStringBuilderTest" name="testSimpleReflectionStatics"/>
  <testcase time="0.002" classname="org.apache.commons.lang3.builder.ToStringBuilderTest" name="testReflectionStatics"/>
  <testcase time="0" classname="org.apache.commons.lang3.builder.ToStringBuilderTest" name="testReflectionLongArray"/>
  <testcase time="0" classname="org.apache.commons.lang3.builder.ToStringBuilderTest" name="testReflectionhortArrayArray"/>
  <testcase time="0" classname="org.apache.commons.lang3.builder.ToStringBuilderTest" name="testConstructorEx1"/>
  <testcase time="0.001" classname="org.apache.commons.lang3.builder.ToStringBuilderTest" name="testConstructorEx2"/>
  <testcase time="0" classname="org.apache.commons.lang3.builder.ToStringBuilderTest" name="testConstructorEx3"/>
  <testcase time="0" classname="org.apache.commons.lang3.builder.ToStringBuilderTest" name="testReflectionObjectArray"/>
  <testcase time="0.001" classname="org.apache.commons.lang3.builder.ToStringBuilderTest" name="testReflectionObjectCycle"/>
  <testcase time="0" classname="org.apache.commons.lang3.builder.ToStringBuilderTest" name="testReflectionBooleanArrayArray"/>
  <testcase time="0" classname="org.apache.commons.lang3.builder.ToStringBuilderTest" name="testLongArray"/>
  <testcase time="0.001" classname="org.apache.commons.lang3.builder.ToStringBuilderTest" name="testSimpleReflectionObjectCycle"/>
  <testcase time="0.001" classname="org.apache.commons.lang3.builder.ToStringBuilderTest" name="testShortArray"/>
  <testcase time="0" classname="org.apache.commons.lang3.builder.ToStringBuilderTest" name="testIntArrayArray"/>
  <testcase time="0.001" classname="org.apache.commons.lang3.builder.ToStringBuilderTest" name="testInheritedReflectionStatics"/>
  <testcase time="0" classname="org.apache.commons.lang3.builder.ToStringBuilderTest" name="testReflectionByteArrayArray"/>
  <testcase time="0" classname="org.apache.commons.lang3.builder.ToStringBuilderTest" name="testReflectionArrayCycleLevel2"/>
  <testcase time="0.001" classname="org.apache.commons.lang3.builder.ToStringBuilderTest" name="testAppendToString"/>
  <testcase time="0" classname="org.apache.commons.lang3.builder.ToStringBuilderTest" name="testReflectionArrayAndObjectCycle"/>
  <testcase time="0" classname="org.apache.commons.lang3.builder.ToStringBuilderTest" name="testSetDefaultEx"/>
  <testcase time="0" classname="org.apache.commons.lang3.builder.ToStringBuilderTest" name="testReflectionCharArrayArray"/>
  <testcase time="0" classname="org.apache.commons.lang3.builder.ToStringBuilderTest" name="testIntArray"/>
  <testcase time="0" classname="org.apache.commons.lang3.builder.ToStringBuilderTest" name="testDouble"/>
  <testcase time="0" classname="org.apache.commons.lang3.builder.ToStringBuilderTest" name="testByteArrayArray"/>
  <testcase time="0.001" classname="org.apache.commons.lang3.builder.ToStringBuilderTest" name="testReflectionShortArray"/>
  <testcase time="0" classname="org.apache.commons.lang3.builder.ToStringBuilderTest" name="testCharArrayArray"/>
  <testcase time="0.001" classname="org.apache.commons.lang3.builder.ToStringBuilderTest" name="testSelfInstanceVarReflectionObjectCycle"/>
  <testcase time="0" classname="org.apache.commons.lang3.builder.ToStringBuilderTest" name="testObject"/>
  <testcase time="0" classname="org.apache.commons.lang3.builder.ToStringBuilderTest" name="testAppendSuper"/>
  <testcase time="0" classname="org.apache.commons.lang3.builder.ToStringBuilderTest" name="testReflectionIntArray"/>
  <testcase time="0" classname="org.apache.commons.lang3.builder.ToStringBuilderTest" name="testReflectionCharArray"/>
  <testcase time="0" classname="org.apache.commons.lang3.builder.ToStringBuilderTest" name="testGetSetDefault"/>
  <testcase time="0.003" classname="org.apache.commons.lang3.builder.ToStringBuilderTest" name="testInnerClassReflection"/>
  <testcase time="0.001" classname="org.apache.commons.lang3.builder.ToStringBuilderTest" name="testReflectionCharacter"/>
  <testcase time="0" classname="org.apache.commons.lang3.builder.ToStringBuilderTest" name="testDoubleArray"/>
  <testcase time="0.001" classname="org.apache.commons.lang3.builder.ToStringBuilderTest" name="testReflectionFloatArrayArray"/>
</testsuite>