<?xml version="1.0" encoding="UTF-8" ?>
<testsuite failures="0" time="0.005" errors="0" skipped="0" tests="43" name="org.apache.commons.lang3.BooleanUtilsTest">
  <properties>
[...]
</properties>
  <testcase time="0" classname="org.apache.commons.lang3.BooleanUtilsTest" name="testXor_primitive_nullInput"/>
  <testcase time="0" classname="org.apache.commons.lang3.BooleanUtilsTest" name="test_toStringTrueFalse_boolean"/>
  <testcase time="0.001" classname="org.apache.commons.lang3.BooleanUtilsTest" name="test_toBooleanObject_int"/>
  <testcase time="0" classname="org.apache.commons.lang3.BooleanUtilsTest" name="testXor_primitive_emptyInput"/>
  <testcase time="0" classname="org.apache.commons.lang3.BooleanUtilsTest" name="test_toBooleanDefaultIfNull_Boolean_boolean"/>
  <testcase time="0" classname="org.apache.commons.lang3.BooleanUtilsTest" name="test_toBooleanObject_Integer"/>
  <testcase time="0" classname="org.apache.commons.lang3.BooleanUtilsTest" name="test_toInteger_boolean_int_int"/>
  <testcase time="0" classname="org.apache.commons.lang3.BooleanUtilsTest" name="test_isNotFalse_Boolean"/>
  <testcase time="0" classname="org.apache.commons.lang3.BooleanUtilsTest" name="test_toBooleanObject_String"/>
  <testcase time="0" classname="org.apache.commons.lang3.BooleanUtilsTest" name="test_toStringYesNo_boolean"/>
  <testcase time="0.001" classname="org.apache.commons.lang3.BooleanUtilsTest" name="test_toBooleanObject_Integer_Integer_Integer_Integer"/>
  <testcase time="0" classname="org.apache.commons.lang3.BooleanUtilsTest" name="test_toBoolean_Integer_Integer_Integer"/>
  <testcase time="0" classname="org.apache.commons.lang3.BooleanUtilsTest" name="test_toIntegerObject_Boolean_Integer_Integer_Integer"/>
  <testcase time="0" classname="org.apache.commons.lang3.BooleanUtilsTest" name="test_toBooleanObject_String_String_String_String"/>
  <testcase time="0" classname="org.apache.commons.lang3.BooleanUtilsTest" name="test_toStringOnOff_Boolean"/>
  <testcase time="0" classname="org.apache.commons.lang3.BooleanUtilsTest" name="testXor_object_validInput_2items"/>
  <testcase time="0" classname="org.apache.commons.lang3.BooleanUtilsTest" name="testXor_object_validInput_3items"/>
  <testcase time="0.001" classname="org.apache.commons.lang3.BooleanUtilsTest" name="test_toIntegerObject_Boolean"/>
  <testcase time="0" classname="org.apache.commons.lang3.BooleanUtilsTest" name="test_isNotTrue_Boolean"/>
  <testcase time="0" classname="org.apache.commons.lang3.BooleanUtilsTest" name="test_toBoolean_String"/>
  <testcase time="0" classname="org.apache.commons.lang3.BooleanUtilsTest" name="test_toBoolean_int_int_int"/>
  <testcase time="0" classname="org.apache.commons.lang3.BooleanUtilsTest" name="testXor_object_nullElementInput"/>
  <testcase time="0" classname="org.apache.commons.lang3.BooleanUtilsTest" name="test_toStringTrueFalse_Boolean"/>
  <testcase time="0" classname="org.apache.commons.lang3.BooleanUtilsTest" name="testXor_object_nullInput"/>
  <testcase time="0.001" classname="org.apache.commons.lang3.BooleanUtilsTest" name="test_toStringYesNo_Boolean"/>
  <testcase time="0" classname="org.apache.commons.lang3.BooleanUtilsTest" name="test_isFalse_Boolean"/>
  <testcase time="0" classname="org.apache.commons.lang3.BooleanUtilsTest" name="test_toBoolean_int"/>
  <testcase time="0" classname="org.apache.commons.lang3.BooleanUtilsTest" name="test_toInteger_boolean"/>
  <testcase time="0" classname="org.apache.commons.lang3.BooleanUtilsTest" name="test_toBoolean_Boolean"/>
  <testcase time="0" classname="org.apache.commons.lang3.BooleanUtilsTest" name="test_toIntegerObject_boolean_Integer_Integer"/>
  <testcase time="0" classname="org.apache.commons.lang3.BooleanUtilsTest" name="test_isTrue_Boolean"/>
  <testcase time="0.001" classname="org.apache.commons.lang3.BooleanUtilsTest" name="testXor_primitive_validInput_2items"/>
  <testcase time="0" classname="org.apache.commons.lang3.BooleanUtilsTest" name="testXor_primitive_validInput_3items"/>
  <testcase time="0" classname="org.apache.commons.lang3.BooleanUtilsTest" name="testXor_object_emptyInput"/>
  <testcase time="0" classname="org.apache.commons.lang3.BooleanUtilsTest" name="test_toBoolean_String_String_String"/>
  <testcase time="0" classname="org.apache.commons.lang3.BooleanUtilsTest" name="test_toInteger_Boolean_int_int_int"/>
  <testcase time="0" classname="org.apache.commons.lang3.BooleanUtilsTest" name="test_negate_Boolean"/>
  <testcase time="0" classname="org.apache.commons.lang3.BooleanUtilsTest" name="test_toString_Boolean_String_String_String"/>
  <testcase time="0" classname="org.apache.commons.lang3.BooleanUtilsTest" name="test_toStringOnOff_boolean"/>
  <testcase time="0" classname="org.apache.commons.lang3.BooleanUtilsTest" name="test_toBooleanObject_int_int_int"/>
  <testcase time="0" classname="org.apache.commons.lang3.BooleanUtilsTest" name="test_toIntegerObject_boolean"/>
  <testcase time="0" classname="org.apache.commons.lang3.BooleanUtilsTest" name="test_toString_boolean_String_String_String"/>
  <testcase time="0" classname="org.apache.commons.lang3.BooleanUtilsTest" name="testConstructor"/>
</testsuite>