<?xml version="1.0" encoding="UTF-8" ?>
<testsuite failures="1" time="4.305" errors="0" skipped="0" tests="3873" name="org.joda.time.TestAllPackages">
  <properties>
[...]
</properties>
  <testcase time="0.003" classname="org.joda.time.TestChronology" name="testEqualsHashCode_ISO"/>
  <testcase time="0.004" classname="org.joda.time.TestChronology" name="testTest"/>
  <testcase time="0.002" classname="org.joda.time.TestChronology" name="testToString"/>
  <testcase time="0" classname="org.joda.time.TestChronology" name="testEqualsHashCode_Lenient"/>
  <testcase time="0" classname="org.joda.time.TestChronology" name="testEqualsHashCode_Limit"/>
  <testcase time="0.001" classname="org.joda.time.TestChronology" name="testEqualsHashCode_Zoned"/>
  <testcase time="0.001" classname="org.joda.time.TestChronology" name="testEqualsHashCode_Strict"/>
  <testcase time="0.005" classname="org.joda.time.TestDateTimeFieldType" name="test_millisOfDay"/>
  <testcase time="0" classname="org.joda.time.TestDateTimeFieldType" name="test_hourOfHalfday"/>
  <testcase time="0.001" classname="org.joda.time.TestDateTimeFieldType" name="test_weekyear"/>
  <testcase time="0" classname="org.joda.time.TestDateTimeFieldType" name="test_year"/>
  <testcase time="0.001" classname="org.joda.time.TestDateTimeFieldType" name="test_era"/>
  <testcase time="0" classname="org.joda.time.TestDateTimeFieldType" name="test_clockhourOfDay"/>
  <testcase time="0.001" classname="org.joda.time.TestDateTimeFieldType" name="test_dayOfWeek"/>
  <testcase time="0" classname="org.joda.time.TestDateTimeFieldType" name="test_dayOfYear"/>
  <testcase time="0.001" classname="org.joda.time.TestDateTimeFieldType" name="test_halfdayOfDay"/>
  <testcase time="0" classname="org.joda.time.TestDateTimeFieldType" name="test_yearOfEra"/>
  <testcase time="0.001" classname="org.joda.time.TestDateTimeFieldType" name="test_millisOfSecond"/>
  <testcase time="0" classname="org.joda.time.TestDateTimeFieldType" name="test_secondOfDay"/>
  <testcase time="0" classname="org.joda.time.TestDateTimeFieldType" name="test_weekyearOfCentury"/>
  <testcase time="0" classname="org.joda.time.TestDateTimeFieldType" name="test_secondOfMinute"/>
  <testcase time="0" classname="org.joda.time.TestDateTimeFieldType" name="test_monthOfYear"/>
  <testcase time="0.001" classname="org.joda.time.TestDateTimeFieldType" name="test_weekOfWeekyear"/>
  <testcase time="0" classname="org.joda.time.TestDateTimeFieldType" name="test_hourOfDay"/>
  <testcase time="0" classname="org.joda.time.TestDateTimeFieldType" name="test_minuteOfHour"/>
  <testcase time="0" classname="org.joda.time.TestDateTimeFieldType" name="test_clockhourOfHalfday"/>
  <testcase time="0" classname="org.joda.time.TestDateTimeFieldType" name="test_yearOfCentury"/>
  <testcase time="0.001" classname="org.joda.time.TestDateTimeFieldType" name="test_dayOfMonth"/>
  <testcase time="0" classname="org.joda.time.TestDateTimeFieldType" name="test_other"/>
  <testcase time="0.001" classname="org.joda.time.TestDateTimeFieldType" name="test_centuryOfEra"/>
  <testcase time="0" classname="org.joda.time.TestDateTimeFieldType" name="test_minuteOfDay"/>
  <testcase time="0.001" classname="org.joda.time.TestDurationFieldType" name="test_weekyears"/>
  <testcase time="0" classname="org.joda.time.TestDurationFieldType" name="test_halfdays"/>
  <testcase time="0.001" classname="org.joda.time.TestDurationFieldType" name="test_days"/>
  <testcase time="0" classname="org.joda.time.TestDurationFieldType" name="test_eras"/>
  <testcase time="0" classname="org.joda.time.TestDurationFieldType" name="test_centuries"/>
  <testcase time="0" classname="org.joda.time.TestDurationFieldType" name="test_millis"/>
  <testcase time="0" classname="org.joda.time.TestDurationFieldType" name="test_months"/>
  <testcase time="0.001" classname="org.joda.time.TestDurationFieldType" name="test_minutes"/>
  <testcase time="0" classname="org.joda.time.TestDurationFieldType" name="test_seconds"/>
  <testcase time="0" classname="org.joda.time.TestDurationFieldType" name="test_hours"/>
  <testcase time="0.001" classname="org.joda.time.TestDurationFieldType" name="test_other"/>
  <testcase time="0" classname="org.joda.time.TestDurationFieldType" name="test_weeks"/>
  <testcase time="0.001" classname="org.joda.time.TestDurationFieldType" name="test_years"/>
  <testcase time="0" classname="org.joda.time.TestInstant_Constructors" name="test_now"/>
  <testcase time="0.006" classname="org.joda.time.TestInstant_Constructors" name="testConstructor_Object"/>
  <testcase time="0" classname="org.joda.time.TestInstant_Constructors" name="testConstructor_long1"/>
  <testcase time="0.001" classname="org.joda.time.TestInstant_Constructors" name="testConstructor_long2"/>
  <testcase time="0" classname="org.joda.time.TestInstant_Constructors" name="testConstructor_nullObject"/>
  <testcase time="0" classname="org.joda.time.TestInstant_Constructors" name="testConstructor_badconverterObject"/>
  <testcase time="0" classname="org.joda.time.TestInstant_Constructors" name="testConstructor_invalidObject"/>
  <testcase time="0.002" classname="org.joda.time.TestInstant_Constructors" name="testParse_formatter"/>
  <testcase time="0.001" classname="org.joda.time.TestInstant_Constructors" name="testParse_noFormatter"/>
  <testcase time="0" classname="org.joda.time.TestInstant_Constructors" name="testConstructor"/>
  <testcase time="0.002" classname="org.joda.time.TestInstant_Basics" name="testToMutableDateTimeISO"/>
  <testcase time="0.001" classname="org.joda.time.TestInstant_Basics" name="testWithDurationAdded_RD_int"/>
  <testcase time="0" classname="org.joda.time.TestInstant_Basics" name="testImmutable"/>
  <testcase time="0" classname="org.joda.time.TestInstant_Basics" name="testSerialization"/>
  <testcase time="0.001" classname="org.joda.time.TestInstant_Basics" name="testIsBeforeNow"/>
  <testcase time="0" classname="org.joda.time.TestInstant_Basics" name="testIsBefore_RI"/>
  <testcase time="0" classname="org.joda.time.TestInstant_Basics" name="testTest"/>
  <testcase time="0" classname="org.joda.time.TestInstant_Basics" name="testEqualsHashCode"/>
  <testcase time="0.001" classname="org.joda.time.TestInstant_Basics" name="testToString"/>
  <testcase time="0" classname="org.joda.time.TestInstant_Basics" name="testIsEqualNow"/>
  <testcase time="0" classname="org.joda.time.TestInstant_Basics" name="testIsEqual_RI"/>
  <testcase time="0" classname="org.joda.time.TestInstant_Basics" name="testPlus_RD"/>
  <testcase time="0" classname="org.joda.time.TestInstant_Basics" name="testPlus_long"/>
  <testcase time="0.001" classname="org.joda.time.TestInstant_Basics" name="testCompareTo"/>
  <testcase time="0" classname="org.joda.time.TestInstant_Basics" name="testIsEqual_long"/>
  <testcase time="0" classname="org.joda.time.TestInstant_Basics" name="testToDateTime_DateTimeZone"/>
  <testcase time="0" classname="org.joda.time.TestInstant_Basics" name="testMinus_RD"/>
  <testcase time="0" classname="org.joda.time.TestInstant_Basics" name="testIsBefore_long"/>
  <testcase time="0" classname="org.joda.time.TestInstant_Basics" name="testIsAfterNow"/>
  <testcase time="0.001" classname="org.joda.time.TestInstant_Basics" name="testIsAfter_RI"/>
  <testcase time="0" classname="org.joda.time.TestInstant_Basics" name="testToDateTime_Chronology"/>
  <testcase time="0" classname="org.joda.time.TestInstant_Basics" name="testGet_DateTimeField"/>
  <testcase time="0.001" classname="org.joda.time.TestInstant_Basics" name="testToMutableDateTime"/>
  <testcase time="0" classname="org.joda.time.TestInstant_Basics" name="testToMutableDateTime_Chronology"/>
  <testcase time="0" classname="org.joda.time.TestInstant_Basics" name="testIsAfter_long"/>
  <testcase time="0.001" classname="org.joda.time.TestInstant_Basics" name="testToDateTimeISO"/>
  <testcase time="0" classname="org.joda.time.TestInstant_Basics" name="testToInstant"/>
  <testcase time="0" classname="org.joda.time.TestInstant_Basics" name="testToDateTime"/>
  <testcase time="0" classname="org.joda.time.TestInstant_Basics" name="testMinus_long"/>
  <testcase time="0" classname="org.joda.time.TestInstant_Basics" name="testGetMethods"/>
  <testcase time="0" classname="org.joda.time.TestInstant_Basics" name="testWithDurationAdded_long_int"/>
  <testcase time="0" classname="org.joda.time.TestInstant_Basics" name="testGet_DateTimeFieldType"/>
  <testcase time="0" classname="org.joda.time.TestInstant_Basics" name="testToDate"/>
  <testcase time="0" classname="org.joda.time.TestInstant_Basics" name="testWithMillis_long"/>
  <testcase time="0" classname="org.joda.time.TestInstant_Basics" name="testToMutableDateTime_DateTimeZone"/>
  <testcase time="0.001" classname="org.joda.time.TestDateTime_Constructors" name="test_now_nullChronology"/>
  <testcase time="0" classname="org.joda.time.TestDateTime_Constructors" name="testConstructor_Object_Chronology"/>
  <testcase time="0" classname="org.joda.time.TestDateTime_Constructors" name="testConstructor_badconverterObject_DateTimeZone"/>
  <testcase time="0" classname="org.joda.time.TestDateTime_Constructors" name="testConstructor_long2_DateTimeZone"/>
  <testcase time="0" classname="org.joda.time.TestDateTime_Constructors" name="testConstructor_nullObject_Chronology"/>
  <testcase time="0" classname="org.joda.time.TestDateTime_Constructors" name="testConstructor_nullObject_nullDateTimeZone"/>
  <testcase time="0" classname="org.joda.time.TestDateTime_Constructors" name="testConstructor_int_int_int_int_int_int_int_nullDateTimeZone"/>
  <testcase time="0.001" classname="org.joda.time.TestDateTime_Constructors" name="testConstructor_int_int_int_int_int_int"/>
  <testcase time="0" classname="org.joda.time.TestDateTime_Constructors" name="testConstructor_int_int_int_int_int_int_nullDateTimeZone"/>
  <testcase time="0" classname="org.joda.time.TestDateTime_Constructors" name="testConstructor_long1_DateTimeZone"/>
  <testcase time="0.001" classname="org.joda.time.TestDateTime_Constructors" name="testConstructor_int_int_int_int_int_int_int_DateTimeZone"/>
  <testcase time="0" classname="org.joda.time.TestDateTime_Constructors" name="testConstructor_Object_DateTimeZone"/>
  <testcase time="0" classname="org.joda.time.TestDateTime_Constructors" name="testTest"/>
  <testcase time="0.001" classname="org.joda.time.TestDateTime_Constructors" name="test_now"/>
  <testcase time="0" classname="org.joda.time.TestDateTime_Constructors" name="testConstructor_Chronology"/>
  <testcase time="0" classname="org.joda.time.TestDateTime_Constructors" name="testConstructor_int_int_int_int_int_nullDateTimeZone"/>
  <testcase time="0" classname="org.joda.time.TestDateTime_Constructors" name="testConstructor_nullObject_nullChronology"/>
  <testcase time="0" classname="org.joda.time.TestDateTime_Constructors" name="testConstructor_ObjectStringEx1"/>
  <testcase time="0" classname="org.joda.time.TestDateTime_Constructors" name="testConstructor_ObjectStringEx2"/>
  <testcase time="0" classname="org.joda.time.TestDateTime_Constructors" name="testConstructor_long_nullChronology"/>
  <testcase time="0" classname="org.joda.time.TestDateTime_Constructors" name="testConstructor_badconverterObject_Chronology"/>
  <testcase time="0" classname="org.joda.time.TestDateTime_Constructors" name="testConstructor_nullObject_DateTimeZone"/>
  <testcase time="0" classname="org.joda.time.TestDateTime_Constructors" name="testConstructor_int_int_int_int_int_int_DateTimeZone"/>
  <testcase time="0" classname="org.joda.time.TestDateTime_Constructors" name="testConstructor_invalidObject_Chronology"/>
  <testcase time="0" classname="org.joda.time.TestDateTime_Constructors" name="testConstructor_int_int_int_int_int_int_Chronology"/>
  <testcase time="0" classname="org.joda.time.TestDateTime_Constructors" name="testConstructor_int_int_int_int_int_Chronology"/>
  <testcase time="0.001" classname="org.joda.time.TestDateTime_Constructors" name="testConstructor_Object"/>
  <testcase time="0" classname="org.joda.time.TestDateTime_Constructors" name="test_now_Chronology"/>
  <testcase time="0.001" classname="org.joda.time.TestDateTime_Constructors" name="testConstructor_int_int_int_int_int_int_int_Chronology"/>
  <testcase time="0" classname="org.joda.time.TestDateTime_Constructors" name="testConstructor_int_int_int_int_int"/>
  <testcase time="0" classname="org.joda.time.TestDateTime_Constructors" name="testConstructor_long1"/>
  <testcase time="0" classname="org.joda.time.TestDateTime_Constructors" name="testConstructor_long2"/>
  <testcase time="0" classname="org.joda.time.TestDateTime_Constructors" name="test_now_DateTimeZone"/>
  <testcase time="0" classname="org.joda.time.TestDateTime_Constructors" name="testConstructor_DateTimeZone"/>
  <testcase time="0" classname="org.joda.time.TestDateTime_Constructors" name="testConstructor_nullObject"/>
  <testcase time="0" classname="org.joda.time.TestDateTime_Constructors" name="testConstructor_invalidObject_DateTimeZone"/>
  <testcase time="0" classname="org.joda.time.TestDateTime_Constructors" name="testConstructor_int_int_int_int_int_DateTimeZone"/>
  <testcase time="0.001" classname="org.joda.time.TestDateTime_Constructors" name="testConstructor_int_int_int_int_int_int_int_nullChronology"/>
  <testcase time="0" classname="org.joda.time.TestDateTime_Constructors" name="testConstructor_long_nullDateTimeZone"/>
  <testcase time="0" classname="org.joda.time.TestDateTime_Constructors" name="testConstructor_int_int_int_int_int_nullChronology"/>
  <testcase time="0.001" classname="org.joda.time.TestDateTime_Constructors" name="testConstructor_Object_nullChronology"/>
  <testcase time="0" classname="org.joda.time.TestDateTime_Constructors" name="testConstructor_int_int_int_int_int_int_int"/>
  <testcase time="0" classname="org.joda.time.TestDateTime_Constructors" name="testConstructor_long1_Chronology"/>
  <testcase time="0.001" classname="org.joda.time.TestDateTime_Constructors" name="testConstructor_Object_nullDateTimeZone"/>
  <testcase time="0" classname="org.joda.time.TestDateTime_Constructors" name="testConstructor_badconverterObject"/>
  <testcase time="0" classname="org.joda.time.TestDateTime_Constructors" name="testConstructor_nullChronology"/>
  <testcase time="0.001" classname="org.joda.time.TestDateTime_Constructors" name="testConstructor_int_int_int_int_int_int_nullChronology"/>
  <testcase time="0" classname="org.joda.time.TestDateTime_Constructors" name="testConstructor_long2_Chronology"/>
  <testcase time="0" classname="org.joda.time.TestDateTime_Constructors" name="testConstructor_invalidObject"/>
  <testcase time="0.001" classname="org.joda.time.TestDateTime_Constructors" name="testConstructor_nullDateTimeZone"/>
  <testcase time="0" classname="org.joda.time.TestDateTime_Constructors" name="testParse_formatter"/>
  <testcase time="0" classname="org.joda.time.TestDateTime_Constructors" name="test_now_nullDateTimeZone"/>
  <testcase time="0.001" classname="org.joda.time.TestDateTime_Constructors" name="testParse_noFormatter"/>
  <testcase time="0" classname="org.joda.time.TestDateTime_Constructors" name="testConstructor"/>
  <testcase time="0.001" classname="org.joda.time.TestDateTime_Constructors" name="testConstructor_ObjectString1"/>
  <testcase time="0" classname="org.joda.time.TestDateTime_Constructors" name="testConstructor_ObjectString2"/>
  <testcase time="0" classname="org.joda.time.TestDateTime_Constructors" name="testConstructor_ObjectString3"/>
  <testcase time="0" classname="org.joda.time.TestDateTime_Constructors" name="testConstructor_ObjectString4"/>
  <testcase time="0" classname="org.joda.time.TestDateTime_Constructors" name="testConstructor_ObjectString5"/>
  <testcase time="0.001" classname="org.joda.time.TestDateTime_Constructors" name="testConstructor_ObjectString6"/>
  <testcase time="0" classname="org.joda.time.TestDateTime_Constructors" name="testConstructor_ObjectString7"/>
  <testcase time="0" classname="org.joda.time.TestDateTime_Basics" name="testMinusHours_int"/>
  <testcase time="0" classname="org.joda.time.TestDateTime_Basics" name="testToMutableDateTimeISO"/>
  <testcase time="0" classname="org.joda.time.TestDateTime_Basics" name="testWithZone_DateTimeZone"/>
  <testcase time="0" classname="org.joda.time.TestDateTime_Basics" name="testWithDurationAdded_RD_int"/>
  <testcase time="0" classname="org.joda.time.TestDateTime_Basics" name="testWithDurationAdded_RP_int"/>
  <testcase time="0" classname="org.joda.time.TestDateTime_Basics" name="testPlusHours_int"/>
  <testcase time="0.004" classname="org.joda.time.TestDateTime_Basics" name="testToCalendar_Locale"/>
  <testcase time="0" classname="org.joda.time.TestDateTime_Basics" name="testMinusSeconds_int"/>
  <testcase time="0" classname="org.joda.time.TestDateTime_Basics" name="testPlusMonths_int"/>
  <testcase time="0" classname="org.joda.time.TestDateTime_Basics" name="testToString_String"/>
  <testcase time="0.005" classname="org.joda.time.TestDateTime_Basics" name="testSerialization"/>
  <testcase time="0" classname="org.joda.time.TestDateTime_Basics" name="testPlusMillis_int"/>
  <testcase time="0" classname="org.joda.time.TestDateTime_Basics" name="testIsBeforeNow"/>
  <testcase time="0" classname="org.joda.time.TestDateTime_Basics" name="testIsBefore_RI"/>
  <testcase time="0.001" classname="org.joda.time.TestDateTime_Basics" name="testToTimeOfDay"/>
  <testcase time="0.001" classname="org.joda.time.TestDateTime_Basics" name="testTest"/>
  <testcase time="0" classname="org.joda.time.TestDateTime_Basics" name="testWithTime_int_int_int"/>
  <testcase time="0" classname="org.joda.time.TestDateTime_Basics" name="testEqualsHashCode"/>
  <testcase time="0" classname="org.joda.time.TestDateTime_Basics" name="testToString"/>
  <testcase time="0" classname="org.joda.time.TestDateTime_Basics" name="testToDateMidnight"/>
  <testcase time="0" classname="org.joda.time.TestDateTime_Basics" name="testMinusWeeks_int"/>
  <testcase time="0" classname="org.joda.time.TestDateTime_Basics" name="testIsEqualNow"/>
  <testcase time="0" classname="org.joda.time.TestDateTime_Basics" name="testIsEqual_RI"/>
  <testcase time="0.001" classname="org.joda.time.TestDateTime_Basics" name="testPlus_RD"/>
  <testcase time="0" classname="org.joda.time.TestDateTime_Basics" name="testPlus_RP"/>
  <testcase time="0" classname="org.joda.time.TestDateTime_Basics" name="testPlusWeeks_int"/>
  <testcase time="0" classname="org.joda.time.TestDateTime_Basics" name="testPlus_long"/>
  <testcase time="0" classname="org.joda.time.TestDateTime_Basics" name="testCompareTo"/>
  <testcase time="0" classname="org.joda.time.TestDateTime_Basics" name="testIsEqual_long"/>
  <testcase time="0" classname="org.joda.time.TestDateTime_Basics" name="testToString_DTFormatter"/>
  <testcase time="0.001" classname="org.joda.time.TestDateTime_Basics" name="testMinusMonths_int"/>
  <testcase time="0" classname="org.joda.time.TestDateTime_Basics" name="testMinusDays_int"/>
  <testcase time="0" classname="org.joda.time.TestDateTime_Basics" name="testToDateTime_DateTimeZone"/>
  <testcase time="0.001" classname="org.joda.time.TestDateTime_Basics" name="testMinus_RD"/>
  <testcase time="0" classname="org.joda.time.TestDateTime_Basics" name="testMinus_RP"/>
  <testcase time="0" classname="org.joda.time.TestDateTime_Basics" name="testPlusMinutes_int"/>
  <testcase time="0.001" classname="org.joda.time.TestDateTime_Basics" name="testIsBefore_long"/>
  <testcase time="0.001" classname="org.joda.time.TestDateTime_Basics" name="testToLocalDateTime"/>
  <testcase time="0" classname="org.joda.time.TestDateTime_Basics" name="testIsAfterNow"/>
  <testcase time="0.001" classname="org.joda.time.TestDateTime_Basics" name="testIsAfter_RI"/>
  <testcase time="0" classname="org.joda.time.TestDateTime_Basics" name="testGetters"/>
  <testcase time="0" classname="org.joda.time.TestDateTime_Basics" name="testMinusMillis_int"/>
  <testcase time="0" classname="org.joda.time.TestDateTime_Basics" name="testWithFieldAdded1"/>
  <testcase time="0.001" classname="org.joda.time.TestDateTime_Basics" name="testWithFieldAdded2"/>
  <testcase time="0" classname="org.joda.time.TestDateTime_Basics" name="testWithFieldAdded3"/>
  <testcase time="0" classname="org.joda.time.TestDateTime_Basics" name="testWithFieldAdded4"/>
  <testcase time="0.001" classname="org.joda.time.TestDateTime_Basics" name="testToDateTime_Chronology"/>
  <testcase time="0.001" classname="org.joda.time.TestDateTime_Basics" name="testProperty"/>
  <testcase time="0.001" classname="org.joda.time.TestDateTime_Basics" name="testWithFields_RPartial"/>
  <testcase time="0" classname="org.joda.time.TestDateTime_Basics" name="testWithDate_int_int_int"/>
  <testcase time="0.001" classname="org.joda.time.TestDateTime_Basics" name="testMinusMinutes_int"/>
  <testcase time="0" classname="org.joda.time.TestDateTime_Basics" name="testGet_DateTimeField"/>
  <testcase time="0" classname="org.joda.time.TestDateTime_Basics" name="testIsSupported_DateTimeFieldType"/>
  <testcase time="0" classname="org.joda.time.TestDateTime_Basics" name="testToMutableDateTime"/>
  <testcase time="0" classname="org.joda.time.TestDateTime_Basics" name="testToMutableDateTime_Chronology"/>
  <testcase time="0" classname="org.joda.time.TestDateTime_Basics" name="testIsAfter_long"/>
  <testcase time="0.001" classname="org.joda.time.TestDateTime_Basics" name="testPlusDays_int"/>
  <testcase time="0" classname="org.joda.time.TestDateTime_Basics" name="testMinusYears_int"/>
  <testcase time="0.001" classname="org.joda.time.TestDateTime_Basics" name="testPlusYears_int"/>
  <testcase time="0.004" classname="org.joda.time.TestDateTime_Basics" name="testToString_String_Locale"/>
  <testcase time="0" classname="org.joda.time.TestDateTime_Basics" name="testToDateTimeISO"/>
  <testcase time="0.001" classname="org.joda.time.TestDateTime_Basics" name="testWithers"/>
  <testcase time="0" classname="org.joda.time.TestDateTime_Basics" name="testToInstant"/>
  <testcase time="0" classname="org.joda.time.TestDateTime_Basics" name="testToDateTime"/>
  <testcase time="0.001" classname="org.joda.time.TestDateTime_Basics" name="testWithField1"/>
  <testcase time="0" classname="org.joda.time.TestDateTime_Basics" name="testWithField2"/>
  <testcase time="0" classname="org.joda.time.TestDateTime_Basics" name="testMinus_long"/>
  <testcase time="0" classname="org.joda.time.TestDateTime_Basics" name="testWithDurationAdded_long_int"/>
  <testcase time="0" classname="org.joda.time.TestDateTime_Basics" name="testGet_DateTimeFieldType"/>
  <testcase time="0" classname="org.joda.time.TestDateTime_Basics" name="testToGregorianCalendar"/>
  <testcase time="0" classname="org.joda.time.TestDateTime_Basics" name="testWithChronology_Chronology"/>
  <testcase time="0.001" classname="org.joda.time.TestDateTime_Basics" name="testToDate"/>
  <testcase time="0" classname="org.joda.time.TestDateTime_Basics" name="testWithMillis_long"/>
  <testcase time="0" classname="org.joda.time.TestDateTime_Basics" name="testToYearMonthDay"/>
  <testcase time="0.001" classname="org.joda.time.TestDateTime_Basics" name="testToLocalDate"/>
  <testcase time="0.001" classname="org.joda.time.TestDateTime_Basics" name="testToLocalTime"/>
  <testcase time="0" classname="org.joda.time.TestDateTime_Basics" name="testToMutableDateTime_DateTimeZone"/>
  <testcase time="0" classname="org.joda.time.TestDateTime_Basics" name="testPlusSeconds_int"/>
  <testcase time="0" classname="org.joda.time.TestDateTime_Basics" name="testWithZoneRetainFields_DateTimeZone"/>
  <testcase time="0.001" classname="org.joda.time.TestDateTime_Properties" name="testPropertyGetMillisOfSecond"/>
  <testcase time="0" classname="org.joda.time.TestDateTime_Properties" name="testPropertyAddWrapFieldDayOfWeek"/>
  <testcase time="0.001" classname="org.joda.time.TestDateTime_Properties" name="testPropertyAddWrapFieldDayOfYear"/>
  <testcase time="0" classname="org.joda.time.TestDateTime_Properties" name="testPropertyAddDayOfMonth"/>
  <testcase time="0.001" classname="org.joda.time.TestDateTime_Properties" name="testPropertyCompareToYear"/>
  <testcase time="0.001" classname="org.joda.time.TestDateTime_Properties" name="testPropertyToIntervalMinuteOfHour"/>
  <testcase time="0" classname="org.joda.time.TestDateTime_Properties" name="testPropertyGetDifferenceHourOfDay"/>
  <testcase time="0" classname="org.joda.time.TestDateTime_Properties" name="testPropertyAddYear"/>
  <testcase time="0.001" classname="org.joda.time.TestDateTime_Properties" name="testPropertyAddLongDayOfWeek"/>
  <testcase time="0" classname="org.joda.time.TestDateTime_Properties" name="testPropertyGetSecondOfMinute"/>
  <testcase time="0.001" classname="org.joda.time.TestDateTime_Properties" name="testPropertyEqualsHashCodeLenient"/>
  <testcase time="0" classname="org.joda.time.TestDateTime_Properties" name="testPropertyGetWeekOfWeekyear"/>
  <testcase time="0" classname="org.joda.time.TestDateTime_Properties" name="testPropertyRoundHalfCeilingHourOfDay"/>
  <testcase time="0.001" classname="org.joda.time.TestDateTime_Properties" name="testPropertySetDayOfMonth"/>
  <testcase time="0" classname="org.joda.time.TestDateTime_Properties" name="testPropertyCompareToYear2"/>
  <testcase time="0" classname="org.joda.time.TestDateTime_Properties" name="testPropertyWithMaximumValueDayOfMonth"/>
  <testcase time="0" classname="org.joda.time.TestDateTime_Properties" name="testPropertyCompareToWeekOfWeekyear"/>
  <testcase time="0" classname="org.joda.time.TestDateTime_Properties" name="testPropertyAddWrapFieldMonthOfYear"/>
  <testcase time="0" classname="org.joda.time.TestDateTime_Properties" name="testPropertyGetSecondOfDay"/>
  <testcase time="0" classname="org.joda.time.TestDateTime_Properties" name="testPropertyGetMaxMinValuesDayOfYear"/>
  <testcase time="0" classname="org.joda.time.TestDateTime_Properties" name="testPropertyGetMinuteOfHour"/>
  <testcase time="0" classname="org.joda.time.TestDateTime_Properties" name="testTest"/>
  <testcase time="0" classname="org.joda.time.TestDateTime_Properties" name="testPropertySetTextWeekOfWeekyear"/>
  <testcase time="0" classname="org.joda.time.TestDateTime_Properties" name="testPropertyToIntervalDayOfMonth"/>
  <testcase time="0.001" classname="org.joda.time.TestDateTime_Properties" name="testPropertyGetMonthOfYear"/>
  <testcase time="0" classname="org.joda.time.TestDateTime_Properties" name="testPropertyRoundHalfFloorHourOfDay"/>
  <testcase time="0" classname="org.joda.time.TestDateTime_Properties" name="testPropertyGetYear"/>
  <testcase time="0.001" classname="org.joda.time.TestDateTime_Properties" name="testPropertyRoundHalfEvenHourOfDay"/>
  <testcase time="0" classname="org.joda.time.TestDateTime_Properties" name="testPropertyRoundFloorHourOfDay"/>
  <testcase time="0" classname="org.joda.time.TestDateTime_Properties" name="testPropertyGetCenturyOfEra"/>
  <testcase time="0" classname="org.joda.time.TestDateTime_Properties" name="testPropertySetTextMonthOfYear"/>
  <testcase time="0" classname="org.joda.time.TestDateTime_Properties" name="testPropertyToIntervalMillisOfSecond"/>
  <testcase time="0" classname="org.joda.time.TestDateTime_Properties" name="testPropertyEqualsHashCodeStrict"/>
  <testcase time="0" classname="org.joda.time.TestDateTime_Properties" name="testPropertyRemainderHourOfDay"/>
  <testcase time="0" classname="org.joda.time.TestDateTime_Properties" name="testPropertyAddDayOfWeek"/>
  <testcase time="0.001" classname="org.joda.time.TestDateTime_Properties" name="testPropertyAddDayOfYear"/>
  <testcase time="0" classname="org.joda.time.TestDateTime_Properties" name="testPropertyWithMinimumValueDayOfMonth"/>
  <testcase time="0" classname="org.joda.time.TestDateTime_Properties" name="testPropertyGetDayOfWeek"/>
  <testcase time="0" classname="org.joda.time.TestDateTime_Properties" name="testPropertyGetDayOfYear"/>
  <testcase time="0" classname="org.joda.time.TestDateTime_Properties" name="testPropertyLeapMonthOfYear"/>
  <testcase time="0.001" classname="org.joda.time.TestDateTime_Properties" name="testPropertyToIntervalSecondOfMinute"/>
  <testcase time="0" classname="org.joda.time.TestDateTime_Properties" name="testPropertyAddWrapFieldWeekOfWeekyear"/>
  <testcase time="0" classname="org.joda.time.TestDateTime_Properties" name="testPropertyAddMonthOfYear"/>
  <testcase time="0" classname="org.joda.time.TestDateTime_Properties" name="testPropertyGetMinuteOfDay"/>
  <testcase time="0" classname="org.joda.time.TestDateTime_Properties" name="testPropertyGetMillisOfDay"/>
  <testcase time="0.001" classname="org.joda.time.TestDateTime_Properties" name="testPropertyAddWrapFieldDayOfMonth"/>
  <testcase time="0" classname="org.joda.time.TestDateTime_Properties" name="testPropertyGetYearOfEra"/>
  <testcase time="0" classname="org.joda.time.TestDateTime_Properties" name="testPropertyToIntervalYearOfCentury"/>
  <testcase time="0" classname="org.joda.time.TestDateTime_Properties" name="testPropertySetTextYear"/>
  <testcase time="0" classname="org.joda.time.TestDateTime_Properties" name="testPropertyRoundCeilingHourOfDay"/>
  <testcase time="0" classname="org.joda.time.TestDateTime_Properties" name="testPropertyToIntervalYearOfEra"/>
  <testcase time="0" classname="org.joda.time.TestDateTime_Properties" name="testPropertyCompareToDayOfMonth"/>
  <testcase time="0" classname="org.joda.time.TestDateTime_Properties" name="testPropertyGetEra"/>
  <testcase time="0" classname="org.joda.time.TestDateTime_Properties" name="testPropertyLeapYear"/>
  <testcase time="0" classname="org.joda.time.TestDateTime_Properties" name="testPropertyToIntervalYear"/>
  <testcase time="0" classname="org.joda.time.TestDateTime_Properties" name="testPropertyAddWeekOfWeekyear"/>
  <testcase time="0.001" classname="org.joda.time.TestDateTime_Properties" name="testPropertyGetWeekyear"/>
  <testcase time="0" classname="org.joda.time.TestDateTime_Properties" name="testPropertyCompareToMonthOfYear"/>
  <testcase time="0.001" classname="org.joda.time.TestDateTime_Properties" name="testPropertySetTextDayOfWeek"/>
  <testcase time="0" classname="org.joda.time.TestDateTime_Properties" name="testPropertySetTextDayOfYear"/>
  <testcase time="0" classname="org.joda.time.TestDateTime_Properties" name="testPropertyGetMaxMinValuesDayOfMonth"/>
  <testcase time="0" classname="org.joda.time.TestDateTime_Properties" name="testPropertyGetMaxMinValuesWeekOfWeekyear"/>
  <testcase time="0" classname="org.joda.time.TestDateTime_Properties" name="testPropertySetYear"/>
  <testcase time="0.001" classname="org.joda.time.TestDateTime_Properties" name="testPropertyEqualsHashCodeYear"/>
  <testcase time="0" classname="org.joda.time.TestDateTime_Properties" name="testPropertyToIntervalMonthOfYear"/>
  <testcase time="0.001" classname="org.joda.time.TestDateTime_Properties" name="testPropertySetMonthOfYear"/>
  <testcase time="0" classname="org.joda.time.TestDateTime_Properties" name="testPropertyAddWrapFieldYear"/>
  <testcase time="0" classname="org.joda.time.TestDateTime_Properties" name="testPropertySetDayOfWeek"/>
  <testcase time="0" classname="org.joda.time.TestDateTime_Properties" name="testPropertySetDayOfYear"/>
  <testcase time="0.001" classname="org.joda.time.TestDateTime_Properties" name="testPropertySetWeekOfWeekyear"/>
  <testcase time="0" classname="org.joda.time.TestDateTime_Properties" name="testPropertySetTextDayOfMonth"/>
  <testcase time="0" classname="org.joda.time.TestDateTime_Properties" name="testPropertyGetHourOfDay"/>
  <testcase time="0.001" classname="org.joda.time.TestDateTime_Properties" name="testPropertyGetDayOfMonth"/>
  <testcase time="0" classname="org.joda.time.TestDateTime_Properties" name="testPropertyCompareToDayOfWeek"/>
  <testcase time="0" classname="org.joda.time.TestDateTime_Properties" name="testPropertyCompareToDayOfYear"/>
  <testcase time="0" classname="org.joda.time.TestDateTime_Properties" name="testPropertyGetYearOfCentury"/>
  <testcase time="0.001" classname="org.joda.time.TestDateTime_Properties" name="testPropertyToIntervalHourOfDay"/>
  <testcase time="0" classname="org.joda.time.TestMutableDateTime_Constructors" name="test_now_nullChronology"/>
  <testcase time="0" classname="org.joda.time.TestMutableDateTime_Constructors" name="testConstructor_Object_Chronology"/>
  <testcase time="0" classname="org.joda.time.TestMutableDateTime_Constructors" name="testConstructor_badconverterObject_DateTimeZone"/>
  <testcase time="0" classname="org.joda.time.TestMutableDateTime_Constructors" name="testConstructor_long2_DateTimeZone"/>
  <testcase time="0" classname="org.joda.time.TestMutableDateTime_Constructors" name="testConstructor_nullObject_Chronology"/>
  <testcase time="0" classname="org.joda.time.TestMutableDateTime_Constructors" name="testConstructor_nullObject_nullDateTimeZone"/>
  <testcase time="0" classname="org.joda.time.TestMutableDateTime_Constructors" name="testConstructor_int_int_int_int_int_int_int_nullDateTimeZone"/>
  <testcase time="0" classname="org.joda.time.TestMutableDateTime_Constructors" name="testConstructor_long1_DateTimeZone"/>
  <testcase time="0.001" classname="org.joda.time.TestMutableDateTime_Constructors" name="testConstructor_int_int_int_int_int_int_int_DateTimeZone"/>
  <testcase time="0" classname="org.joda.time.TestMutableDateTime_Constructors" name="testConstructor_Object_DateTimeZone"/>
  <testcase time="0" classname="org.joda.time.TestMutableDateTime_Constructors" name="testTest"/>
  <testcase time="0" classname="org.joda.time.TestMutableDateTime_Constructors" name="test_now"/>
  <testcase time="0" classname="org.joda.time.TestMutableDateTime_Constructors" name="testConstructor_Chronology"/>
  <testcase time="0" classname="org.joda.time.TestMutableDateTime_Constructors" name="testConstructor_nullObject_nullChronology"/>
  <testcase time="0" classname="org.joda.time.TestMutableDateTime_Constructors" name="testConstructor_long_nullChronology"/>
  <testcase time="0" classname="org.joda.time.TestMutableDateTime_Constructors" name="testConstructor_badconverterObject_Chronology"/>
  <testcase time="0.001" classname="org.joda.time.TestMutableDateTime_Constructors" name="testConstructor_nullObject_DateTimeZone"/>
  <testcase time="0" classname="org.joda.time.TestMutableDateTime_Constructors" name="testConstructor_invalidObject_Chronology"/>
  <testcase time="0" classname="org.joda.time.TestMutableDateTime_Constructors" name="testConstructor_Object"/>
  <testcase time="0" classname="org.joda.time.TestMutableDateTime_Constructors" name="test_now_Chronology"/>
  <testcase time="0.001" classname="org.joda.time.TestMutableDateTime_Constructors" name="testConstructor_int_int_int_int_int_int_int_Chronology"/>
  <testcase time="0" classname="org.joda.time.TestMutableDateTime_Constructors" name="testConstructor_long1"/>
  <testcase time="0" classname="org.joda.time.TestMutableDateTime_Constructors" name="testConstructor_long2"/>
  <testcase time="0" classname="org.joda.time.TestMutableDateTime_Constructors" name="test_now_DateTimeZone"/>
  <testcase time="0" classname="org.joda.time.TestMutableDateTime_Constructors" name="testConstructor_DateTimeZone"/>
  <testcase time="0" classname="org.joda.time.TestMutableDateTime_Constructors" name="testConstructor_nullObject"/>
  <testcase time="0" classname="org.joda.time.TestMutableDateTime_Constructors" name="testConstructor_invalidObject_DateTimeZone"/>
  <testcase time="0" classname="org.joda.time.TestMutableDateTime_Constructors" name="testConstructor_int_int_int_int_int_int_int_nullChronology"/>
  <testcase time="0" classname="org.joda.time.TestMutableDateTime_Constructors" name="testConstructor_long_nullDateTimeZone"/>
  <testcase time="0" classname="org.joda.time.TestMutableDateTime_Constructors" name="testConstructor_Object_nullChronology"/>
  <testcase time="0" classname="org.joda.time.TestMutableDateTime_Constructors" name="testConstructor_int_int_int_int_int_int_int"/>
  <testcase time="0" classname="org.joda.time.TestMutableDateTime_Constructors" name="testConstructor_long1_Chronology"/>
  <testcase time="0" classname="org.joda.time.TestMutableDateTime_Constructors" name="testConstructor_Object_nullDateTimeZone"/>
  <testcase time="0" classname="org.joda.time.TestMutableDateTime_Constructors" name="testConstructor_badconverterObject"/>
  <testcase time="0" classname="org.joda.time.TestMutableDateTime_Constructors" name="testConstructor_nullChronology"/>
  <testcase time="0" classname="org.joda.time.TestMutableDateTime_Constructors" name="testConstructor_long2_Chronology"/>
  <testcase time="0" classname="org.joda.time.TestMutableDateTime_Constructors" name="testConstructor_invalidObject"/>
  <testcase time="0" classname="org.joda.time.TestMutableDateTime_Constructors" name="testConstructor_nullDateTimeZone"/>
  <testcase time="0" classname="org.joda.time.TestMutableDateTime_Constructors" name="testParse_formatter"/>
  <testcase time="0.001" classname="org.joda.time.TestMutableDateTime_Constructors" name="test_now_nullDateTimeZone"/>
  <testcase time="0" classname="org.joda.time.TestMutableDateTime_Constructors" name="testParse_noFormatter"/>
  <testcase time="0" classname="org.joda.time.TestMutableDateTime_Constructors" name="testConstructor"/>
  <testcase time="0" classname="org.joda.time.TestMutableDateTime_Basics" name="testToMutableDateTimeISO"/>
  <testcase time="0" classname="org.joda.time.TestMutableDateTime_Basics" name="testToCalendar_Locale"/>
  <testcase time="0" classname="org.joda.time.TestMutableDateTime_Basics" name="testToString_String"/>
  <testcase time="0.001" classname="org.joda.time.TestMutableDateTime_Basics" name="testSerialization"/>
  <testcase time="0" classname="org.joda.time.TestMutableDateTime_Basics" name="testClone"/>
  <testcase time="0" classname="org.joda.time.TestMutableDateTime_Basics" name="testCopy"/>
  <testcase time="0" classname="org.joda.time.TestMutableDateTime_Basics" name="testTest"/>
  <testcase time="0.001" classname="org.joda.time.TestMutableDateTime_Basics" name="testEqualsHashCode"/>
  <testcase time="0" classname="org.joda.time.TestMutableDateTime_Basics" name="testToString"/>
  <testcase time="0" classname="org.joda.time.TestMutableDateTime_Basics" name="testCompareTo"/>
  <testcase time="0" classname="org.joda.time.TestMutableDateTime_Basics" name="testToString_DTFormatter"/>
  <testcase time="0" classname="org.joda.time.TestMutableDateTime_Basics" name="testToDateTime_DateTimeZone"/>
  <testcase time="0" classname="org.joda.time.TestMutableDateTime_Basics" name="testToDateTime_Chronology"/>
  <testcase time="0.001" classname="org.joda.time.TestMutableDateTime_Basics" name="testProperty"/>
  <testcase time="0" classname="org.joda.time.TestMutableDateTime_Basics" name="testIsBefore"/>
  <testcase time="0" classname="org.joda.time.TestMutableDateTime_Basics" name="testGet_DateTimeField"/>
  <testcase time="0" classname="org.joda.time.TestMutableDateTime_Basics" name="testToMutableDateTime"/>
  <testcase time="0.001" classname="org.joda.time.TestMutableDateTime_Basics" name="testToMutableDateTime_Chronology"/>
  <testcase time="0" classname="org.joda.time.TestMutableDateTime_Basics" name="testRounding1"/>
  <testcase time="0" classname="org.joda.time.TestMutableDateTime_Basics" name="testRounding2"/>
  <testcase time="0" classname="org.joda.time.TestMutableDateTime_Basics" name="testRounding3"/>
  <testcase time="0" classname="org.joda.time.TestMutableDateTime_Basics" name="testRounding4"/>
  <testcase time="0" classname="org.joda.time.TestMutableDateTime_Basics" name="testRounding5"/>
  <testcase time="0" classname="org.joda.time.TestMutableDateTime_Basics" name="testRounding6"/>
  <testcase time="0" classname="org.joda.time.TestMutableDateTime_Basics" name="testRounding7"/>
  <testcase time="0" classname="org.joda.time.TestMutableDateTime_Basics" name="testRounding8"/>
  <testcase time="0" classname="org.joda.time.TestMutableDateTime_Basics" name="testToDateTimeISO"/>
  <testcase time="0.001" classname="org.joda.time.TestMutableDateTime_Basics" name="testToInstant"/>
  <testcase time="0" classname="org.joda.time.TestMutableDateTime_Basics" name="testToDateTime"/>
  <testcase time="0" classname="org.joda.time.TestMutableDateTime_Basics" name="testToString_String_String"/>
  <testcase time="0" classname="org.joda.time.TestMutableDateTime_Basics" name="testGetMethods"/>
  <testcase time="0" classname="org.joda.time.TestMutableDateTime_Basics" name="testGet_DateTimeFieldType"/>
  <testcase time="0" classname="org.joda.time.TestMutableDateTime_Basics" name="testToGregorianCalendar"/>
  <testcase time="0" classname="org.joda.time.TestMutableDateTime_Basics" name="testIsAfter"/>
  <testcase time="0.001" classname="org.joda.time.TestMutableDateTime_Basics" name="testIsEqual"/>
  <testcase time="0" classname="org.joda.time.TestMutableDateTime_Basics" name="testToDate"/>
  <testcase time="0" classname="org.joda.time.TestMutableDateTime_Basics" name="testToMutableDateTime_DateTimeZone"/>
  <testcase time="0" classname="org.joda.time.TestMutableDateTime_Sets" name="testSetMillis_long1"/>
  <testcase time="0" classname="org.joda.time.TestMutableDateTime_Sets" name="testSetTime_int_int_int_int1"/>
  <testcase time="0" classname="org.joda.time.TestMutableDateTime_Sets" name="testSetDateTime_int_int_int_int_int_int_int1"/>
  <testcase time="0" classname="org.joda.time.TestMutableDateTime_Sets" name="testSetDateTime_int_int_int_int_int_int_int2"/>
  <testcase time="0" classname="org.joda.time.TestMutableDateTime_Sets" name="testSetMinuteOfHour_int1"/>
  <testcase time="0" classname="org.joda.time.TestMutableDateTime_Sets" name="testSetMinuteOfHour_int2"/>
  <testcase time="0" classname="org.joda.time.TestMutableDateTime_Sets" name="testSetChronology_Chronology1"/>
  <testcase time="0.001" classname="org.joda.time.TestMutableDateTime_Sets" name="testSetChronology_Chronology2"/>
  <testcase time="0" classname="org.joda.time.TestMutableDateTime_Sets" name="testSetDayOfWeek_int1"/>
  <testcase time="0" classname="org.joda.time.TestMutableDateTime_Sets" name="testSetDayOfWeek_int2"/>
  <testcase time="0" classname="org.joda.time.TestMutableDateTime_Sets" name="testSetZoneRetainFields_DateTimeZone1"/>
  <testcase time="0" classname="org.joda.time.TestMutableDateTime_Sets" name="testSetZoneRetainFields_DateTimeZone2"/>
  <testcase time="0" classname="org.joda.time.TestMutableDateTime_Sets" name="testSetZoneRetainFields_DateTimeZone3"/>
  <testcase time="0" classname="org.joda.time.TestMutableDateTime_Sets" name="testSetZoneRetainFields_DateTimeZone4"/>
  <testcase time="0" classname="org.joda.time.TestMutableDateTime_Sets" name="testSetWeekyear_int1"/>
  <testcase time="0" classname="org.joda.time.TestMutableDateTime_Sets" name="testSetDate_RI1"/>
  <testcase time="0" classname="org.joda.time.TestMutableDateTime_Sets" name="testSetDate_RI2"/>
  <testcase time="0" classname="org.joda.time.TestMutableDateTime_Sets" name="testTest"/>
  <testcase time="0.001" classname="org.joda.time.TestMutableDateTime_Sets" name="testSetDate_long1"/>
  <testcase time="0" classname="org.joda.time.TestMutableDateTime_Sets" name="testSetTime_int_int_int2"/>
  <testcase time="0" classname="org.joda.time.TestMutableDateTime_Sets" name="testSetMonthOfYear_int1"/>
  <testcase time="0" classname="org.joda.time.TestMutableDateTime_Sets" name="testSetMonthOfYear_int2"/>
  <testcase time="0.001" classname="org.joda.time.TestMutableDateTime_Sets" name="testSetTime_long1"/>
  <testcase time="0" classname="org.joda.time.TestMutableDateTime_Sets" name="testSetTime_RI1"/>
  <testcase time="0" classname="org.joda.time.TestMutableDateTime_Sets" name="testSetTime_RI2"/>
  <testcase time="0" classname="org.joda.time.TestMutableDateTime_Sets" name="testSetSecondOfDay_int1"/>
  <testcase time="0" classname="org.joda.time.TestMutableDateTime_Sets" name="testSetSecondOfDay_int2"/>
  <testcase time="0" classname="org.joda.time.TestMutableDateTime_Sets" name="testSetDayOfMonth_int1"/>
  <testcase time="0" classname="org.joda.time.TestMutableDateTime_Sets" name="testSetDayOfMonth_int2"/>
  <testcase time="0.001" classname="org.joda.time.TestMutableDateTime_Sets" name="testSetSecondOfMinute_int1"/>
  <testcase time="0" classname="org.joda.time.TestMutableDateTime_Sets" name="testSetSecondOfMinute_int2"/>
  <testcase time="0" classname="org.joda.time.TestMutableDateTime_Sets" name="testSetMinuteOfDay_int1"/>
  <testcase time="0" classname="org.joda.time.TestMutableDateTime_Sets" name="testSetMinuteOfDay_int2"/>
  <testcase time="0" classname="org.joda.time.TestMutableDateTime_Sets" name="testSetDayOfYear_int1"/>
  <testcase time="0" classname="org.joda.time.TestMutableDateTime_Sets" name="testSetDayOfYear_int2"/>
  <testcase time="0" classname="org.joda.time.TestMutableDateTime_Sets" name="testSetHourOfDay_int1"/>
  <testcase time="0" classname="org.joda.time.TestMutableDateTime_Sets" name="testSetHourOfDay_int2"/>
  <testcase time="0" classname="org.joda.time.TestMutableDateTime_Sets" name="testSetDate_int_int_int1"/>
  <testcase time="0" classname="org.joda.time.TestMutableDateTime_Sets" name="testSetDate_int_int_int2"/>
  <testcase time="0" classname="org.joda.time.TestMutableDateTime_Sets" name="testSetZone_DateTimeZone1"/>
  <testcase time="0" classname="org.joda.time.TestMutableDateTime_Sets" name="testSetZone_DateTimeZone2"/>
  <testcase time="0" classname="org.joda.time.TestMutableDateTime_Sets" name="testSetTime_Object3"/>
  <testcase time="0" classname="org.joda.time.TestMutableDateTime_Sets" name="testSetMillis_RI1"/>
  <testcase time="0" classname="org.joda.time.TestMutableDateTime_Sets" name="testSetMillis_RI2"/>
  <testcase time="0.001" classname="org.joda.time.TestMutableDateTime_Sets" name="testSetMilliOfSecond_int1"/>
  <testcase time="0" classname="org.joda.time.TestMutableDateTime_Sets" name="testSetMilliOfSecond_int2"/>
  <testcase time="0" classname="org.joda.time.TestMutableDateTime_Sets" name="testSet_DateTimeFieldType_int1"/>
  <testcase time="0" classname="org.joda.time.TestMutableDateTime_Sets" name="testSet_DateTimeFieldType_int2"/>
  <testcase time="0" classname="org.joda.time.TestMutableDateTime_Sets" name="testSet_DateTimeFieldType_int3"/>
  <testcase time="0" classname="org.joda.time.TestMutableDateTime_Sets" name="testSetWeekOfWeekyear_int1"/>
  <testcase time="0" classname="org.joda.time.TestMutableDateTime_Sets" name="testSetWeekOfWeekyear_int2"/>
  <testcase time="0" classname="org.joda.time.TestMutableDateTime_Sets" name="testSetMilliOfDay_int1"/>
  <testcase time="0" classname="org.joda.time.TestMutableDateTime_Sets" name="testSetMilliOfDay_int2"/>
  <testcase time="0" classname="org.joda.time.TestMutableDateTime_Sets" name="testSetYear_int1"/>
  <testcase time="0" classname="org.joda.time.TestMutableDateTime_Adds" name="testAdd_RD_int1"/>
  <testcase time="0" classname="org.joda.time.TestMutableDateTime_Adds" name="testAdd_RD_int2"/>
  <testcase time="0" classname="org.joda.time.TestMutableDateTime_Adds" name="testAdd_RD1"/>
  <testcase time="0" classname="org.joda.time.TestMutableDateTime_Adds" name="testAdd_RD2"/>
  <testcase time="0" classname="org.joda.time.TestMutableDateTime_Adds" name="testAdd_RP1"/>
  <testcase time="0" classname="org.joda.time.TestMutableDateTime_Adds" name="testAdd_RP2"/>
  <testcase time="0" classname="org.joda.time.TestMutableDateTime_Adds" name="testAdd_RP_int1"/>
  <testcase time="0" classname="org.joda.time.TestMutableDateTime_Adds" name="testAdd_RP_int2"/>
  <testcase time="0" classname="org.joda.time.TestMutableDateTime_Adds" name="testTest"/>
  <testcase time="0.001" classname="org.joda.time.TestMutableDateTime_Adds" name="testAddHours_int1"/>
  <testcase time="0" classname="org.joda.time.TestMutableDateTime_Adds" name="testAddWeekyears_int1"/>
  <testcase time="0" classname="org.joda.time.TestMutableDateTime_Adds" name="testAddYears_int1"/>
  <testcase time="0" classname="org.joda.time.TestMutableDateTime_Adds" name="testAddMonths_int1"/>
  <testcase time="0" classname="org.joda.time.TestMutableDateTime_Adds" name="testAdd_long1"/>
  <testcase time="0" classname="org.joda.time.TestMutableDateTime_Adds" name="testAddMinutes_int1"/>
  <testcase time="0" classname="org.joda.time.TestMutableDateTime_Adds" name="testAddDays_int1"/>
  <testcase time="0" classname="org.joda.time.TestMutableDateTime_Adds" name="testAddMillis_int1"/>
  <testcase time="0" classname="org.joda.time.TestMutableDateTime_Adds" name="testAddWeeks_int1"/>
  <testcase time="0" classname="org.joda.time.TestMutableDateTime_Adds" name="testAdd_DurationFieldType_int1"/>
  <testcase time="0" classname="org.joda.time.TestMutableDateTime_Adds" name="testAdd_DurationFieldType_int2"/>
  <testcase time="0" classname="org.joda.time.TestMutableDateTime_Adds" name="testAdd_DurationFieldType_int3"/>
  <testcase time="0" classname="org.joda.time.TestMutableDateTime_Adds" name="testAddSeconds_int1"/>
  <testcase time="0" classname="org.joda.time.TestMutableDateTime_Properties" name="testPropertyGetMillisOfSecond"/>
  <testcase time="0" classname="org.joda.time.TestMutableDateTime_Properties" name="testPropertyAddWrapFieldDayOfWeek"/>
  <testcase time="0" classname="org.joda.time.TestMutableDateTime_Properties" name="testPropertyAddWrapFieldDayOfYear"/>
  <testcase time="0" classname="org.joda.time.TestMutableDateTime_Properties" name="testPropertyAddDayOfMonth"/>
  <testcase time="0" classname="org.joda.time.TestMutableDateTime_Properties" name="testPropertyToIntervalMinuteOfHour"/>
  <testcase time="0.001" classname="org.joda.time.TestMutableDateTime_Properties" name="testPropertyAddYear"/>
  <testcase time="0" classname="org.joda.time.TestMutableDateTime_Properties" name="testPropertyAddLongDayOfWeek"/>
  <testcase time="0" classname="org.joda.time.TestMutableDateTime_Properties" name="testPropertyGetSecondOfMinute"/>
  <testcase time="0" classname="org.joda.time.TestMutableDateTime_Properties" name="testPropertyGetWeekOfWeekyear"/>
  <testcase time="0.001" classname="org.joda.time.TestMutableDateTime_Properties" name="testPropertyRoundHalfCeilingHourOfDay"/>
  <testcase time="0" classname="org.joda.time.TestMutableDateTime_Properties" name="testPropertySetDayOfMonth"/>
  <testcase time="0" classname="org.joda.time.TestMutableDateTime_Properties" name="testPropertyAddWrapFieldMonthOfYear"/>
  <testcase time="0" classname="org.joda.time.TestMutableDateTime_Properties" name="testPropertyGetSecondOfDay"/>
  <testcase time="0" classname="org.joda.time.TestMutableDateTime_Properties" name="testPropertyGetMinuteOfHour"/>
  <testcase time="0" classname="org.joda.time.TestMutableDateTime_Properties" name="testTest"/>
  <testcase time="0" classname="org.joda.time.TestMutableDateTime_Properties" name="testPropertySetTextWeekOfWeekyear"/>
  <testcase time="0.001" classname="org.joda.time.TestMutableDateTime_Properties" name="testPropertyToIntervalDayOfMonth"/>
  <testcase time="0" classname="org.joda.time.TestMutableDateTime_Properties" name="testPropertyGetMonthOfYear"/>
  <testcase time="0" classname="org.joda.time.TestMutableDateTime_Properties" name="testPropertyRoundHalfFloorHourOfDay"/>
  <testcase time="0.001" classname="org.joda.time.TestMutableDateTime_Properties" name="testPropertyGetYear"/>
  <testcase time="0" classname="org.joda.time.TestMutableDateTime_Properties" name="testPropertyRoundHalfEvenHourOfDay"/>
  <testcase time="0" classname="org.joda.time.TestMutableDateTime_Properties" name="testPropertyRoundFloorHourOfDay"/>
  <testcase time="0.001" classname="org.joda.time.TestMutableDateTime_Properties" name="testPropertyGetCenturyOfEra"/>
  <testcase time="0" classname="org.joda.time.TestMutableDateTime_Properties" name="testPropertySetTextMonthOfYear"/>
  <testcase time="0" classname="org.joda.time.TestMutableDateTime_Properties" name="testPropertyToIntervalMillisOfSecond"/>
  <testcase time="0" classname="org.joda.time.TestMutableDateTime_Properties" name="testPropertyRemainderHourOfDay"/>
  <testcase time="0" classname="org.joda.time.TestMutableDateTime_Properties" name="testPropertyAddDayOfWeek"/>
  <testcase time="0" classname="org.joda.time.TestMutableDateTime_Properties" name="testPropertyAddDayOfYear"/>
  <testcase time="0" classname="org.joda.time.TestMutableDateTime_Properties" name="testPropertyGetDayOfWeek"/>
  <testcase time="0.001" classname="org.joda.time.TestMutableDateTime_Properties" name="testPropertyGetDayOfYear"/>
  <testcase time="0" classname="org.joda.time.TestMutableDateTime_Properties" name="testPropertyToIntervalSecondOfMinute"/>
  <testcase time="0" classname="org.joda.time.TestMutableDateTime_Properties" name="testPropertyAddWrapFieldWeekOfWeekyear"/>
  <testcase time="0" classname="org.joda.time.TestMutableDateTime_Properties" name="testPropertyAddMonthOfYear"/>
  <testcase time="0.001" classname="org.joda.time.TestMutableDateTime_Properties" name="testPropertyGetMinuteOfDay"/>
  <testcase time="0" classname="org.joda.time.TestMutableDateTime_Properties" name="testPropertyGetMillisOfDay"/>
  <testcase time="0" classname="org.joda.time.TestMutableDateTime_Properties" name="testPropertyAddWrapFieldDayOfMonth"/>
  <testcase time="0" classname="org.joda.time.TestMutableDateTime_Properties" name="testPropertyGetYearOfEra"/>
  <testcase time="0" classname="org.joda.time.TestMutableDateTime_Properties" name="testPropertyToIntervalYearOfCentury"/>
  <testcase time="0" classname="org.joda.time.TestMutableDateTime_Properties" name="testPropertySetTextYear"/>
  <testcase time="0" classname="org.joda.time.TestMutableDateTime_Properties" name="testPropertyRoundCeilingHourOfDay"/>
  <testcase time="0.001" classname="org.joda.time.TestMutableDateTime_Properties" name="testPropertyToIntervalYearOfEra"/>
  <testcase time="0" classname="org.joda.time.TestMutableDateTime_Properties" name="testPropertyGetEra"/>
  <testcase time="0" classname="org.joda.time.TestMutableDateTime_Properties" name="testPropertyToIntervalYear"/>
  <testcase time="0" classname="org.joda.time.TestMutableDateTime_Properties" name="testPropertyAddWeekOfWeekyear"/>
  <testcase time="0" classname="org.joda.time.TestMutableDateTime_Properties" name="testPropertyGetWeekyear"/>
  <testcase time="0" classname="org.joda.time.TestMutableDateTime_Properties" name="testPropertySetTextDayOfWeek"/>
  <testcase time="0" classname="org.joda.time.TestMutableDateTime_Properties" name="testPropertySetTextDayOfYear"/>
  <testcase time="0" classname="org.joda.time.TestMutableDateTime_Properties" name="testPropertySetYear"/>
  <testcase time="0" classname="org.joda.time.TestMutableDateTime_Properties" name="testPropertyToIntervalMonthOfYear"/>
  <testcase time="0" classname="org.joda.time.TestMutableDateTime_Properties" name="testPropertySetMonthOfYear"/>
  <testcase time="0.001" classname="org.joda.time.TestMutableDateTime_Properties" name="testPropertyAddWrapFieldYear"/>
  <testcase time="0" classname="org.joda.time.TestMutableDateTime_Properties" name="testPropertySetDayOfWeek"/>
  <testcase time="0" classname="org.joda.time.TestMutableDateTime_Properties" name="testPropertySetDayOfYear"/>
  <testcase time="0" classname="org.joda.time.TestMutableDateTime_Properties" name="testPropertySetWeekOfWeekyear"/>
  <testcase time="0.001" classname="org.joda.time.TestMutableDateTime_Properties" name="testPropertySetTextDayOfMonth"/>
  <testcase time="0" classname="org.joda.time.TestMutableDateTime_Properties" name="testPropertyGetHourOfDay"/>
  <testcase time="0" classname="org.joda.time.TestMutableDateTime_Properties" name="testPropertyGetDayOfMonth"/>
  <testcase time="0.001" classname="org.joda.time.TestMutableDateTime_Properties" name="testPropertyGetYearOfCentury"/>
  <testcase time="0" classname="org.joda.time.TestMutableDateTime_Properties" name="testPropertyToIntervalHourOfDay"/>
  <testcase time="0" classname="org.joda.time.TestDateMidnight_Constructors" name="test_now_nullChronology"/>
  <testcase time="0" classname="org.joda.time.TestDateMidnight_Constructors" name="testConstructor_Object_Chronology"/>
  <testcase time="0" classname="org.joda.time.TestDateMidnight_Constructors" name="testConstructor_int_int_int_nullDateTimeZone"/>
  <testcase time="0" classname="org.joda.time.TestDateMidnight_Constructors" name="testConstructor_badconverterObject_DateTimeZone"/>
  <testcase time="0" classname="org.joda.time.TestDateMidnight_Constructors" name="testConstructor_long2_DateTimeZone"/>
  <testcase time="0" classname="org.joda.time.TestDateMidnight_Constructors" name="testConstructor_nullObject_Chronology"/>
  <testcase time="0" classname="org.joda.time.TestDateMidnight_Constructors" name="testConstructor_nullObject_nullDateTimeZone"/>
  <testcase time="0" classname="org.joda.time.TestDateMidnight_Constructors" name="testConstructor_long1_DateTimeZone"/>
  <testcase time="0" classname="org.joda.time.TestDateMidnight_Constructors" name="testConstructor_int_int_int_Chronology"/>
  <testcase time="0" classname="org.joda.time.TestDateMidnight_Constructors" name="testConstructor_Object_DateTimeZone"/>
  <testcase time="0.001" classname="org.joda.time.TestDateMidnight_Constructors" name="testTest"/>
  <testcase time="0" classname="org.joda.time.TestDateMidnight_Constructors" name="test_now"/>
  <testcase time="0" classname="org.joda.time.TestDateMidnight_Constructors" name="testConstructor_int_int_int_DateTimeZone"/>
  <testcase time="0" classname="org.joda.time.TestDateMidnight_Constructors" name="testConstructor_Chronology"/>
  <testcase time="0" classname="org.joda.time.TestDateMidnight_Constructors" name="testConstructor_nullObject_nullChronology"/>
  <testcase time="0" classname="org.joda.time.TestDateMidnight_Constructors" name="testConstructor_long_nullChronology"/>
  <testcase time="0" classname="org.joda.time.TestDateMidnight_Constructors" name="testConstructor_badconverterObject_Chronology"/>
  <testcase time="0" classname="org.joda.time.TestDateMidnight_Constructors" name="testConstructor_nullObject_DateTimeZone"/>
  <testcase time="0.001" classname="org.joda.time.TestDateMidnight_Constructors" name="testConstructor_invalidObject_Chronology"/>
  <testcase time="0" classname="org.joda.time.TestDateMidnight_Constructors" name="testConstructor_Object"/>
  <testcase time="0" classname="org.joda.time.TestDateMidnight_Constructors" name="test_now_Chronology"/>
  <testcase time="0" classname="org.joda.time.TestDateMidnight_Constructors" name="testConstructor_long1"/>
  <testcase time="0.001" classname="org.joda.time.TestDateMidnight_Constructors" name="testConstructor_long2"/>
  <testcase time="0" classname="org.joda.time.TestDateMidnight_Constructors" name="test_now_DateTimeZone"/>
  <testcase time="0" classname="org.joda.time.TestDateMidnight_Constructors" name="testConstructor_DateTimeZone"/>
  <testcase time="0" classname="org.joda.time.TestDateMidnight_Constructors" name="testConstructor_nullObject"/>
  <testcase time="0" classname="org.joda.time.TestDateMidnight_Constructors" name="testConstructor_invalidObject_DateTimeZone"/>
  <testcase time="0" classname="org.joda.time.TestDateMidnight_Constructors" name="testConstructor_long_nullDateTimeZone"/>
  <testcase time="0" classname="org.joda.time.TestDateMidnight_Constructors" name="testConstructor_Object_nullChronology"/>
  <testcase time="0" classname="org.joda.time.TestDateMidnight_Constructors" name="testConstructor_long1_Chronology"/>
  <testcase time="0" classname="org.joda.time.TestDateMidnight_Constructors" name="testConstructor_Object_nullDateTimeZone"/>
  <testcase time="0.001" classname="org.joda.time.TestDateMidnight_Constructors" name="testConstructor_badconverterObject"/>
  <testcase time="0" classname="org.joda.time.TestDateMidnight_Constructors" name="testConstructor_nullChronology"/>
  <testcase time="0" classname="org.joda.time.TestDateMidnight_Constructors" name="testConstructor_int_int_int_nullChronology"/>
  <testcase time="0" classname="org.joda.time.TestDateMidnight_Constructors" name="testConstructor_long2_Chronology"/>
  <testcase time="0" classname="org.joda.time.TestDateMidnight_Constructors" name="testConstructor_invalidObject"/>
  <testcase time="0" classname="org.joda.time.TestDateMidnight_Constructors" name="testConstructor_int_int_int"/>
  <testcase time="0" classname="org.joda.time.TestDateMidnight_Constructors" name="testConstructor_nullDateTimeZone"/>
  <testcase time="0" classname="org.joda.time.TestDateMidnight_Constructors" name="testParse_formatter"/>
  <testcase time="0.001" classname="org.joda.time.TestDateMidnight_Constructors" name="test_now_nullDateTimeZone"/>
  <testcase time="0" classname="org.joda.time.TestDateMidnight_Constructors" name="testParse_noFormatter"/>
  <testcase time="0" classname="org.joda.time.TestDateMidnight_Constructors" name="testConstructor"/>
  <testcase time="0" classname="org.joda.time.TestDateMidnight_Basics" name="testToMutableDateTimeISO"/>
  <testcase time="0" classname="org.joda.time.TestDateMidnight_Basics" name="testWithDurationAdded_RD_int"/>
  <testcase time="0" classname="org.joda.time.TestDateMidnight_Basics" name="testWithDurationAdded_RP_int"/>
  <testcase time="0.001" classname="org.joda.time.TestDateMidnight_Basics" name="testToCalendar_Locale"/>
  <testcase time="0" classname="org.joda.time.TestDateMidnight_Basics" name="testPlusMonths_int"/>
  <testcase time="0" classname="org.joda.time.TestDateMidnight_Basics" name="testToString_String"/>
  <testcase time="0.001" classname="org.joda.time.TestDateMidnight_Basics" name="testSerialization"/>
  <testcase time="0" classname="org.joda.time.TestDateMidnight_Basics" name="testTest"/>
  <testcase time="0" classname="org.joda.time.TestDateMidnight_Basics" name="testEqualsHashCode"/>
  <testcase time="0" classname="org.joda.time.TestDateMidnight_Basics" name="testToString"/>
  <testcase time="0" classname="org.joda.time.TestDateMidnight_Basics" name="testMinusWeeks_int"/>
  <testcase time="0.001" classname="org.joda.time.TestDateMidnight_Basics" name="testPlus_RD"/>
  <testcase time="0" classname="org.joda.time.TestDateMidnight_Basics" name="testPlus_RP"/>
  <testcase time="0" classname="org.joda.time.TestDateMidnight_Basics" name="testPlusWeeks_int"/>
  <testcase time="0" classname="org.joda.time.TestDateMidnight_Basics" name="testPlus_long"/>
  <testcase time="0" classname="org.joda.time.TestDateMidnight_Basics" name="testCompareTo"/>
  <testcase time="0" classname="org.joda.time.TestDateMidnight_Basics" name="testToString_DTFormatter"/>
  <testcase time="0" classname="org.joda.time.TestDateMidnight_Basics" name="testMinusMonths_int"/>
  <testcase time="0" classname="org.joda.time.TestDateMidnight_Basics" name="testMinusDays_int"/>
  <testcase time="0" classname="org.joda.time.TestDateMidnight_Basics" name="testToDateTime_DateTimeZone"/>
  <testcase time="0" classname="org.joda.time.TestDateMidnight_Basics" name="testMinus_RD"/>
  <testcase time="0" classname="org.joda.time.TestDateMidnight_Basics" name="testMinus_RP"/>
  <testcase time="0" classname="org.joda.time.TestDateMidnight_Basics" name="testGetters"/>
  <testcase time="0.001" classname="org.joda.time.TestDateMidnight_Basics" name="testWithFieldAdded1"/>
  <testcase time="0" classname="org.joda.time.TestDateMidnight_Basics" name="testWithFieldAdded2"/>
  <testcase time="0" classname="org.joda.time.TestDateMidnight_Basics" name="testWithFieldAdded3"/>
  <testcase time="0" classname="org.joda.time.TestDateMidnight_Basics" name="testWithFieldAdded4"/>
  <testcase time="0.001" classname="org.joda.time.TestDateMidnight_Basics" name="testToDateTime_Chronology"/>
  <testcase time="0" classname="org.joda.time.TestDateMidnight_Basics" name="testProperty"/>
  <testcase time="0" classname="org.joda.time.TestDateMidnight_Basics" name="testToInterval"/>
  <testcase time="0.001" classname="org.joda.time.TestDateMidnight_Basics" name="testWithFields_RPartial"/>
  <testcase time="0" classname="org.joda.time.TestDateMidnight_Basics" name="testIsBefore"/>
  <testcase time="0" classname="org.joda.time.TestDateMidnight_Basics" name="testGet_DateTimeField"/>
  <testcase time="0.001" classname="org.joda.time.TestDateMidnight_Basics" name="testToMutableDateTime"/>
  <testcase time="0" classname="org.joda.time.TestDateMidnight_Basics" name="testToMutableDateTime_Chronology"/>
  <testcase time="0" classname="org.joda.time.TestDateMidnight_Basics" name="testPlusDays_int"/>
  <testcase time="0" classname="org.joda.time.TestDateMidnight_Basics" name="testMinusYears_int"/>
  <testcase time="0.001" classname="org.joda.time.TestDateMidnight_Basics" name="testPlusYears_int"/>
  <testcase time="0" classname="org.joda.time.TestDateMidnight_Basics" name="testToDateTimeISO"/>
  <testcase time="0" classname="org.joda.time.TestDateMidnight_Basics" name="testWithers"/>
  <testcase time="0" classname="org.joda.time.TestDateMidnight_Basics" name="testToInstant"/>
  <testcase time="0.001" classname="org.joda.time.TestDateMidnight_Basics" name="testToDateTime"/>
  <testcase time="0" classname="org.joda.time.TestDateMidnight_Basics" name="testWithField1"/>
  <testcase time="0" classname="org.joda.time.TestDateMidnight_Basics" name="testWithField2"/>
  <testcase time="0" classname="org.joda.time.TestDateMidnight_Basics" name="testToString_String_String"/>
  <testcase time="0.001" classname="org.joda.time.TestDateMidnight_Basics" name="testMinus_long"/>
  <testcase time="0" classname="org.joda.time.TestDateMidnight_Basics" name="testWithDurationAdded_long_int"/>
  <testcase time="0" classname="org.joda.time.TestDateMidnight_Basics" name="testGet_DateTimeFieldType"/>
  <testcase time="0" classname="org.joda.time.TestDateMidnight_Basics" name="testToGregorianCalendar"/>
  <testcase time="0" classname="org.joda.time.TestDateMidnight_Basics" name="testWithChronology_Chronology"/>
  <testcase time="0" classname="org.joda.time.TestDateMidnight_Basics" name="testIsAfter"/>
  <testcase time="0" classname="org.joda.time.TestDateMidnight_Basics" name="testIsEqual"/>
  <testcase time="0" classname="org.joda.time.TestDateMidnight_Basics" name="testToDate"/>
  <testcase time="0" classname="org.joda.time.TestDateMidnight_Basics" name="testWithMillis_long"/>
  <testcase time="0" classname="org.joda.time.TestDateMidnight_Basics" name="testToYearMonthDay"/>
  <testcase time="0" classname="org.joda.time.TestDateMidnight_Basics" name="testToLocalDate"/>
  <testcase time="0" classname="org.joda.time.TestDateMidnight_Basics" name="testToMutableDateTime_DateTimeZone"/>
  <testcase time="0" classname="org.joda.time.TestDateMidnight_Basics" name="testWithZoneRetainFields_DateTimeZone"/>
  <testcase time="0" classname="org.joda.time.TestDateMidnight_Properties" name="testPropertyRoundHalfEvenMonthOfYear"/>
  <testcase time="0" classname="org.joda.time.TestDateMidnight_Properties" name="testPropertyEqualsHashCodeLenient"/>
  <testcase time="0.001" classname="org.joda.time.TestDateMidnight_Properties" name="testPropertyGetWeekOfWeekyear"/>
  <testcase time="0" classname="org.joda.time.TestDateMidnight_Properties" name="testPropertyRoundHalfFloorMonthOfYear"/>
  <testcase time="0" classname="org.joda.time.TestDateMidnight_Properties" name="testPropertyRoundCeilingMonthOfYear"/>
  <testcase time="0" classname="org.joda.time.TestDateMidnight_Properties" name="testPropertyWithMaximumValueDayOfMonth"/>
  <testcase time="0.001" classname="org.joda.time.TestDateMidnight_Properties" name="testPropertyAddWrapFieldMonthOfYear"/>
  <testcase time="0" classname="org.joda.time.TestDateMidnight_Properties" name="testTest"/>
  <testcase time="0" classname="org.joda.time.TestDateMidnight_Properties" name="testPropertyToIntervalDayOfMonth"/>
  <testcase time="0" classname="org.joda.time.TestDateMidnight_Properties" name="testPropertyRemainderMonthOfYear"/>
  <testcase time="0" classname="org.joda.time.TestDateMidnight_Properties" name="testPropertyGetMonthOfYear"/>
  <testcase time="0" classname="org.joda.time.TestDateMidnight_Properties" name="testPropertyGetYear"/>
  <testcase time="0" classname="org.joda.time.TestDateMidnight_Properties" name="testPropertyGetCenturyOfEra"/>
  <testcase time="0.001" classname="org.joda.time.TestDateMidnight_Properties" name="testPropertySetTextMonthOfYear"/>
  <testcase time="0" classname="org.joda.time.TestDateMidnight_Properties" name="testPropertyEqualsHashCodeStrict"/>
  <testcase time="0" classname="org.joda.time.TestDateMidnight_Properties" name="testPropertySetTextLocaleMonthOfYear"/>
  <testcase time="0" classname="org.joda.time.TestDateMidnight_Properties" name="testPropertyWithMinimumValueDayOfMonth"/>
  <testcase time="0" classname="org.joda.time.TestDateMidnight_Properties" name="testPropertyAddLongMonthOfYear"/>
  <testcase time="0" classname="org.joda.time.TestDateMidnight_Properties" name="testPropertyGetDayOfWeek"/>
  <testcase time="0" classname="org.joda.time.TestDateMidnight_Properties" name="testPropertyGetDayOfYear"/>
  <testcase time="0" classname="org.joda.time.TestDateMidnight_Properties" name="testPropertyAddMonthOfYear"/>
  <testcase time="0" classname="org.joda.time.TestDateMidnight_Properties" name="testPropertyGetYearOfEra"/>
  <testcase time="0" classname="org.joda.time.TestDateMidnight_Properties" name="testPropertyToIntervalYearOfCentury"/>
  <testcase time="0" classname="org.joda.time.TestDateMidnight_Properties" name="testPropertyGetDifferenceMonthOfYear"/>
  <testcase time="0" classname="org.joda.time.TestDateMidnight_Properties" name="testPropertyRoundHalfCeilingMonthOfYear"/>
  <testcase time="0" classname="org.joda.time.TestDateMidnight_Properties" name="testPropertyToIntervalYearOfEra"/>
  <testcase time="0" classname="org.joda.time.TestDateMidnight_Properties" name="testPropertyRoundFloorMonthOfYear"/>
  <testcase time="0" classname="org.joda.time.TestDateMidnight_Properties" name="testPropertyGetEra"/>
  <testcase time="0" classname="org.joda.time.TestDateMidnight_Properties" name="testPropertyToIntervalYear"/>
  <testcase time="0" classname="org.joda.time.TestDateMidnight_Properties" name="testPropertyGetWeekyear"/>
  <testcase time="0" classname="org.joda.time.TestDateMidnight_Properties" name="testPropertyToIntervalMonthOfYear"/>
  <testcase time="0" classname="org.joda.time.TestDateMidnight_Properties" name="testPropertySetMonthOfYear"/>
  <testcase time="0" classname="org.joda.time.TestDateMidnight_Properties" name="testPropertyGetDayOfMonth"/>
  <testcase time="0" classname="org.joda.time.TestDateMidnight_Properties" name="testPropertyGetYearOfCentury"/>
  <testcase time="0" classname="org.joda.time.TestDuration_Constructors" name="testConstructor_long_long1"/>
  <testcase time="0" classname="org.joda.time.TestDuration_Constructors" name="testConstructor_Object1"/>
  <testcase time="0" classname="org.joda.time.TestDuration_Constructors" name="testConstructor_Object2"/>
  <testcase time="0.001" classname="org.joda.time.TestDuration_Constructors" name="testConstructor_Object3"/>
  <testcase time="0" classname="org.joda.time.TestDuration_Constructors" name="testConstructor_Object4"/>
  <testcase time="0" classname="org.joda.time.TestDuration_Constructors" name="testConstructor_Object5"/>
  <testcase time="0" classname="org.joda.time.TestDuration_Constructors" name="testZERO"/>
  <testcase time="0" classname="org.joda.time.TestDuration_Constructors" name="testFactory_standardMinutes_long"/>
  <testcase time="0" classname="org.joda.time.TestDuration_Constructors" name="testConstructor_RI_RI1"/>
  <testcase time="0" classname="org.joda.time.TestDuration_Constructors" name="testConstructor_RI_RI2"/>
  <testcase time="0" classname="org.joda.time.TestDuration_Constructors" name="testConstructor_RI_RI3"/>
  <testcase time="0" classname="org.joda.time.TestDuration_Constructors" name="testConstructor_RI_RI4"/>
  <testcase time="0" classname="org.joda.time.TestDuration_Constructors" name="testConstructor_long1"/>
  <testcase time="0" classname="org.joda.time.TestDuration_Constructors" name="testFactory_millis_long"/>
  <testcase time="0" classname="org.joda.time.TestDuration_Constructors" name="testFactory_standardHours_long"/>
  <testcase time="0" classname="org.joda.time.TestDuration_Constructors" name="testFactory_standardSeconds_long"/>
  <testcase time="0" classname="org.joda.time.TestDuration_Constructors" name="testFactory_standardDays_long"/>
  <testcase time="0.001" classname="org.joda.time.TestDuration_Constructors" name="testParse_noFormatter"/>
  <testcase time="0" classname="org.joda.time.TestDuration_Basics" name="testToStandardSeconds_overflow"/>
  <testcase time="0" classname="org.joda.time.TestDuration_Basics" name="testMutableDuration"/>
  <testcase time="0.002" classname="org.joda.time.TestDuration_Basics" name="testSerialization"/>
  <testcase time="0.001" classname="org.joda.time.TestDuration_Basics" name="testToPeriod_Chronology"/>
  <testcase time="0" classname="org.joda.time.TestDuration_Basics" name="testToStandardMinutes_overflow"/>
  <testcase time="0" classname="org.joda.time.TestDuration_Basics" name="testToPeriod"/>
  <testcase time="0" classname="org.joda.time.TestDuration_Basics" name="testTest"/>
  <testcase time="0" classname="org.joda.time.TestDuration_Basics" name="testPlus_RD1"/>
  <testcase time="0" classname="org.joda.time.TestDuration_Basics" name="testPlus_RD2"/>
  <testcase time="0" classname="org.joda.time.TestDuration_Basics" name="testPlus_RD3"/>
  <testcase time="0" classname="org.joda.time.TestDuration_Basics" name="testEqualsHashCode"/>
  <testcase time="0.001" classname="org.joda.time.TestDuration_Basics" name="testToString"/>
  <testcase time="0" classname="org.joda.time.TestDuration_Basics" name="testCompareTo"/>
  <testcase time="0" classname="org.joda.time.TestDuration_Basics" name="testToPeriod_PeriodType_Chronology"/>
  <testcase time="0" classname="org.joda.time.TestDuration_Basics" name="testToPeriodFrom"/>
  <testcase time="0" classname="org.joda.time.TestDuration_Basics" name="testToPeriodTo"/>
  <testcase time="0.005" classname="org.joda.time.TestDuration_Basics" name="testToStandardMinutes"/>
  <testcase time="0" classname="org.joda.time.TestDuration_Basics" name="testIsBefore"/>
  <testcase time="0.001" classname="org.joda.time.TestDuration_Basics" name="testToPeriodTo_PeriodType"/>
  <testcase time="0" classname="org.joda.time.TestDuration_Basics" name="testMinus_long1"/>
  <testcase time="0" classname="org.joda.time.TestDuration_Basics" name="testMinus_long2"/>
  <testcase time="0" classname="org.joda.time.TestDuration_Basics" name="testGetStandardSeconds"/>
  <testcase time="0.001" classname="org.joda.time.TestDuration_Basics" name="testToStandardDays"/>
  <testcase time="0" classname="org.joda.time.TestDuration_Basics" name="testToPeriod_PeriodType"/>
  <testcase time="0" classname="org.joda.time.TestDuration_Basics" name="testToStandardDays_overflow"/>
  <testcase time="0" classname="org.joda.time.TestDuration_Basics" name="testToIntervalFrom"/>
  <testcase time="0.001" classname="org.joda.time.TestDuration_Basics" name="testPlus_long1"/>
  <testcase time="0" classname="org.joda.time.TestDuration_Basics" name="testPlus_long2"/>
  <testcase time="0" classname="org.joda.time.TestDuration_Basics" name="testToStandardSeconds"/>
  <testcase time="0" classname="org.joda.time.TestDuration_Basics" name="testWithDurationAdded_RD_int1"/>
  <testcase time="0.001" classname="org.joda.time.TestDuration_Basics" name="testWithDurationAdded_RD_int2"/>
  <testcase time="0" classname="org.joda.time.TestDuration_Basics" name="testWithDurationAdded_RD_int3"/>
  <testcase time="0" classname="org.joda.time.TestDuration_Basics" name="testWithDurationAdded_RD_int4"/>
  <testcase time="0" classname="org.joda.time.TestDuration_Basics" name="testWithDurationAdded_RD_int5"/>
  <testcase time="0" classname="org.joda.time.TestDuration_Basics" name="testWithDurationAdded_RD_int6"/>
  <testcase time="0.001" classname="org.joda.time.TestDuration_Basics" name="testToPeriodFrom_PeriodType"/>
  <testcase time="0" classname="org.joda.time.TestDuration_Basics" name="testWithMillis1"/>
  <testcase time="0" classname="org.joda.time.TestDuration_Basics" name="testWithMillis2"/>
  <testcase time="0" classname="org.joda.time.TestDuration_Basics" name="testGetMillis"/>
  <testcase time="0" classname="org.joda.time.TestDuration_Basics" name="testWithDurationAdded_long_int1"/>
  <testcase time="0" classname="org.joda.time.TestDuration_Basics" name="testWithDurationAdded_long_int2"/>
  <testcase time="0" classname="org.joda.time.TestDuration_Basics" name="testWithDurationAdded_long_int3"/>
  <testcase time="0" classname="org.joda.time.TestDuration_Basics" name="testWithDurationAdded_long_int4"/>
  <testcase time="0" classname="org.joda.time.TestDuration_Basics" name="testWithDurationAdded_long_int5"/>
  <testcase time="0" classname="org.joda.time.TestDuration_Basics" name="testToPeriod_fixedZone"/>
  <testcase time="0" classname="org.joda.time.TestDuration_Basics" name="testToDuration1"/>
  <testcase time="0" classname="org.joda.time.TestDuration_Basics" name="testToDuration2"/>
  <testcase time="0" classname="org.joda.time.TestDuration_Basics" name="testToStandardHours_overflow"/>
  <testcase time="0.001" classname="org.joda.time.TestDuration_Basics" name="testToStandardHours"/>
  <testcase time="0" classname="org.joda.time.TestDuration_Basics" name="testToIntervalTo"/>
  <testcase time="0" classname="org.joda.time.TestDuration_Basics" name="testIsAfter"/>
  <testcase time="0" classname="org.joda.time.TestDuration_Basics" name="testIsEqual"/>
  <testcase time="0" classname="org.joda.time.TestDuration_Basics" name="testMinus_RD1"/>
  <testcase time="0" classname="org.joda.time.TestDuration_Basics" name="testMinus_RD2"/>
  <testcase time="0" classname="org.joda.time.TestDuration_Basics" name="testMinus_RD3"/>
  <testcase time="0" classname="org.joda.time.TestInterval_Constructors" name="testConstructor_long_long_Zone"/>
  <testcase time="0.001" classname="org.joda.time.TestInterval_Constructors" name="testConstructor_long_long1"/>
  <testcase time="0" classname="org.joda.time.TestInterval_Constructors" name="testConstructor_long_long2"/>
  <testcase time="0" classname="org.joda.time.TestInterval_Constructors" name="testConstructor_long_long3"/>
  <testcase time="0.001" classname="org.joda.time.TestInterval_Constructors" name="testConstructor_Object1"/>
  <testcase time="0" classname="org.joda.time.TestInterval_Constructors" name="testConstructor_Object2"/>
  <testcase time="0" classname="org.joda.time.TestInterval_Constructors" name="testConstructor_Object3"/>
  <testcase time="0.001" classname="org.joda.time.TestInterval_Constructors" name="testConstructor_Object4"/>
  <testcase time="0.001" classname="org.joda.time.TestInterval_Constructors" name="testConstructor_Object5"/>
  <testcase time="0" classname="org.joda.time.TestInterval_Constructors" name="testConstructor_Object6"/>
  <testcase time="0" classname="org.joda.time.TestInterval_Constructors" name="testConstructor_long_long_nullChronology"/>
  <testcase time="0" classname="org.joda.time.TestInterval_Constructors" name="testConstructor_RI_RI_instant"/>
  <testcase time="0" classname="org.joda.time.TestInterval_Constructors" name="testConstructor_RI_RI_chronoStart"/>
  <testcase time="0" classname="org.joda.time.TestInterval_Constructors" name="testConstructor_RD_RI1"/>
  <testcase time="0" classname="org.joda.time.TestInterval_Constructors" name="testConstructor_RD_RI2"/>
  <testcase time="0.001" classname="org.joda.time.TestInterval_Constructors" name="testConstructor_RD_RI3"/>
  <testcase time="0" classname="org.joda.time.TestInterval_Constructors" name="testConstructor_RD_RI4"/>
  <testcase time="0" classname="org.joda.time.TestInterval_Constructors" name="testConstructor_RD_RI5"/>
  <testcase time="0" classname="org.joda.time.TestInterval_Constructors" name="testConstructor_RI_RD1"/>
[...]
  <testcase time="0.001" classname="org.joda.time.format.TestISODateTimeFormatParsing" name="test_basicTTime"/>
  <testcase time="0" classname="org.joda.time.format.TestISODateTimeFormatParsing" name="test_basicTTimeNoMillis"/>
  <testcase time="0" classname="org.joda.time.format.TestISODateTimeFormatParsing" name="test_tTime"/>
  <testcase time="0.001" classname="org.joda.time.format.TestDateTimeFormatterBuilder" name="test_printParseLongName"/>
  <testcase time="0" classname="org.joda.time.format.TestDateTimeFormatterBuilder" name="test_toPrinter"/>
  <testcase time="0.002" classname="org.joda.time.format.TestDateTimeFormatterBuilder" name="test_printParseOffsetAndZone"/>
  <testcase time="0.001" classname="org.joda.time.format.TestDateTimeFormatterBuilder" name="test_parseWrongOffsetAndZone"/>
  <testcase time="0.001" classname="org.joda.time.format.TestDateTimeFormatterBuilder" name="test_localPrintParseOffsetAndZone"/>
  <testcase time="0.005" classname="org.joda.time.format.TestDateTimeFormatterBuilder" name="test_localParseWrongOffsetAndZone"/>
  <testcase time="0.001" classname="org.joda.time.format.TestDateTimeFormatterBuilder" name="test_localPrintParseOffset"/>
  <testcase time="0" classname="org.joda.time.format.TestDateTimeFormatterBuilder" name="test_canBuildFormatter"/>
  <testcase time="0.001" classname="org.joda.time.format.TestDateTimeFormatterBuilder" name="test_printParseLongNameWithLookup"/>
  <testcase time="0.002" classname="org.joda.time.format.TestDateTimeFormatterBuilder" name="test_printParseZoneDawsonCreek"/>
  <testcase time="0" classname="org.joda.time.format.TestDateTimeFormatterBuilder" name="test_printParseOffset"/>
  <testcase time="0.004" classname="org.joda.time.format.TestDateTimeFormatterBuilder" name="test_printParseZoneParis"/>
  <testcase time="0.012" classname="org.joda.time.format.TestDateTimeFormatterBuilder" name="test_printParseZoneTokyo"/>
  <testcase time="0" classname="org.joda.time.format.TestDateTimeFormatterBuilder" name="test_parseWrongOffset"/>
  <testcase time="0.002" classname="org.joda.time.format.TestDateTimeFormatterBuilder" name="test_localPrintParseZoneTokyo"/>
  <testcase time="0" classname="org.joda.time.format.TestDateTimeFormatterBuilder" name="test_canBuildPrinter"/>
  <testcase time="0" classname="org.joda.time.format.TestDateTimeFormatterBuilder" name="test_append_Formatter"/>
  <testcase time="0" classname="org.joda.time.format.TestDateTimeFormatterBuilder" name="test_appendFixedDecimal"/>
  <testcase time="0" classname="org.joda.time.format.TestDateTimeFormatterBuilder" name="test_toParser"/>
  <testcase time="0.001" classname="org.joda.time.format.TestDateTimeFormatterBuilder" name="test_append_Printer"/>
  <testcase time="0" classname="org.joda.time.format.TestDateTimeFormatterBuilder" name="test_toFormatter"/>
  <testcase time="0.003" classname="org.joda.time.format.TestDateTimeFormatterBuilder" name="test_appendTimeZoneId"/>
  <testcase time="0.001" classname="org.joda.time.format.TestDateTimeFormatterBuilder" name="test_printParseShortNameWithLookup"/>
  <testcase time="0.002" classname="org.joda.time.format.TestDateTimeFormatterBuilder" name="test_appendFixedSignedDecimal"/>
  <testcase time="0" classname="org.joda.time.format.TestDateTimeFormatterBuilder" name="test_printParseShortName"/>
  <testcase time="0" classname="org.joda.time.format.TestDateTimeFormatterBuilder" name="test_canBuildParser"/>
  <testcase time="0" classname="org.joda.time.format.TestPeriodFormatter" name="testPrint_bufferMethods"/>
  <testcase time="0" classname="org.joda.time.format.TestPeriodFormatter" name="testParseMutablePeriod_simple"/>
  <testcase time="0" classname="org.joda.time.format.TestPeriodFormatter" name="testWithGetParseTypeMethods"/>
  <testcase time="0.001" classname="org.joda.time.format.TestPeriodFormatter" name="testPrinterParserMethods"/>
  <testcase time="0" classname="org.joda.time.format.TestPeriodFormatter" name="testPrint_writerMethods"/>
  <testcase time="0.001" classname="org.joda.time.format.TestPeriodFormatter" name="testParsePeriod_parseType"/>
  <testcase time="0.001" classname="org.joda.time.format.TestPeriodFormatter" name="testWithGetLocaleMethods"/>
  <testcase time="0" classname="org.joda.time.format.TestPeriodFormatter" name="testPrint_simple"/>
  <testcase time="0" classname="org.joda.time.format.TestPeriodFormatter" name="testParseInto_simple"/>
  <testcase time="0" classname="org.joda.time.format.TestPeriodFormatter" name="testParsePeriod_simple"/>
  <testcase time="0.001" classname="org.joda.time.format.TestPeriodFormat" name="test_wordBased_es_formatTwoFields"/>
  <testcase time="0.002" classname="org.joda.time.format.TestPeriodFormat" name="test_wordBased_pt_FormatOneField"/>
  <testcase time="0.001" classname="org.joda.time.format.TestPeriodFormat" name="test_wordBased_de_FormatOneField"/>
  <testcase time="0" classname="org.joda.time.format.TestPeriodFormat" name="test_wordBased_pt_parseTwoFields"/>
  <testcase time="0" classname="org.joda.time.format.TestPeriodFormat" name="test_wordBased_de_parseTwoFields"/>
  <testcase time="0" classname="org.joda.time.format.TestPeriodFormat" name="test_wordBased_es_cached"/>
  <testcase time="0" classname="org.joda.time.format.TestPeriodFormat" name="test_wordBased_pt_formatStandard"/>
  <testcase time="0" classname="org.joda.time.format.TestPeriodFormat" name="test_wordBased_de_formatStandard"/>
  <testcase time="0.002" classname="org.joda.time.format.TestPeriodFormat" name="test_wordBased_fr_FormatOneField"/>
  <testcase time="0" classname="org.joda.time.format.TestPeriodFormat" name="test_wordBased_fr_parseTwoFields"/>
  <testcase time="0.001" classname="org.joda.time.format.TestPeriodFormat" name="test_wordBased_fr_formatStandard"/>
  <testcase time="0" classname="org.joda.time.format.TestPeriodFormat" name="test_wordBased_fr_cached"/>
  <testcase time="0" classname="org.joda.time.format.TestPeriodFormat" name="test_wordBased_es_parseOneField"/>
  <testcase time="0.002" classname="org.joda.time.format.TestPeriodFormat" name="test_wordBased_nl_FormatOneField"/>
  <testcase time="0" classname="org.joda.time.format.TestPeriodFormat" name="test_wordBased_pt_parseOneField"/>
  <testcase time="0.001" classname="org.joda.time.format.TestPeriodFormat" name="test_wordBased_nl_parseTwoFields"/>
  <testcase time="0" classname="org.joda.time.format.TestPeriodFormat" name="test_wordBased_fr_formatTwoFields"/>
  <testcase time="0" classname="org.joda.time.format.TestPeriodFormat" name="test_getDefault_parseOneField"/>
  <testcase time="0" classname="org.joda.time.format.TestPeriodFormat" name="test_wordBased_nl_formatStandard"/>
  <testcase time="0.001" classname="org.joda.time.format.TestPeriodFormat" name="test_wordBased_nl_cached"/>
  <testcase time="0" classname="org.joda.time.format.TestPeriodFormat" name="test_wordBased_de_parseOneField"/>
  <testcase time="0.001" classname="org.joda.time.format.TestPeriodFormat" name="testSubclassableConstructor"/>
  <testcase time="0" classname="org.joda.time.format.TestPeriodFormat" name="test_wordBased_nl_formatTwoFields"/>
  <testcase time="0" classname="org.joda.time.format.TestPeriodFormat" name="test_getDefault_formatTwoFields"/>
  <testcase time="0" classname="org.joda.time.format.TestPeriodFormat" name="test_getDefault_FormatOneField"/>
  <testcase time="0.001" classname="org.joda.time.format.TestPeriodFormat" name="test_wordBased_es_FormatOneField"/>
  <testcase time="0" classname="org.joda.time.format.TestPeriodFormat" name="test_getDefault_parseTwoFields"/>
  <testcase time="0" classname="org.joda.time.format.TestPeriodFormat" name="test_wordBased_es_parseTwoFields"/>
  <testcase time="0.001" classname="org.joda.time.format.TestPeriodFormat" name="test_wordBased_pt_formatTwoFields"/>
  <testcase time="0" classname="org.joda.time.format.TestPeriodFormat" name="test_getDefault_formatStandard"/>
  <testcase time="0" classname="org.joda.time.format.TestPeriodFormat" name="test_wordBased_es_formatStandard"/>
  <testcase time="0" classname="org.joda.time.format.TestPeriodFormat" name="test_wordBased_de_formatTwoFields"/>
  <testcase time="0" classname="org.joda.time.format.TestPeriodFormat" name="test_wordBased_nl_parseOneField"/>
  <testcase time="0" classname="org.joda.time.format.TestPeriodFormat" name="test_wordBased_de_cached"/>
  <testcase time="0" classname="org.joda.time.format.TestPeriodFormat" name="test_wordBased_pt_cached"/>
  <testcase time="0" classname="org.joda.time.format.TestPeriodFormat" name="test_wordBased_fr_parseOneField"/>
  <testcase time="0.001" classname="org.joda.time.format.TestPeriodFormat" name="test_getDefault_cached"/>
  <testcase time="0" classname="org.joda.time.format.TestISOPeriodFormat" name="testFormatAlternateWithWeeks"/>
  <testcase time="0.001" classname="org.joda.time.format.TestISOPeriodFormat" name="testFormatStandard"/>
  <testcase time="0" classname="org.joda.time.format.TestISOPeriodFormat" name="testSubclassableConstructor"/>
  <testcase time="0.001" classname="org.joda.time.format.TestISOPeriodFormat" name="testFormatAlternateExtended"/>
  <testcase time="0" classname="org.joda.time.format.TestISOPeriodFormat" name="testFormatAlternateExtendedWithWeeks"/>
  <testcase time="0.001" classname="org.joda.time.format.TestISOPeriodFormat" name="testFormatAlternate"/>
  <testcase time="0" classname="org.joda.time.format.TestISOPeriodFormatParsing" name="testParseStandard1"/>
  <testcase time="0" classname="org.joda.time.format.TestISOPeriodFormatParsing" name="testParseStandard2"/>
  <testcase time="0.001" classname="org.joda.time.format.TestISOPeriodFormatParsing" name="testParseStandard3"/>
  <testcase time="0" classname="org.joda.time.format.TestISOPeriodFormatParsing" name="testParseStandard4"/>
  <testcase time="0" classname="org.joda.time.format.TestISOPeriodFormatParsing" name="testParseStandard5"/>
  <testcase time="0" classname="org.joda.time.format.TestISOPeriodFormatParsing" name="testParseStandard6"/>
  <testcase time="0" classname="org.joda.time.format.TestISOPeriodFormatParsing" name="testParseStandard7"/>
  <testcase time="0" classname="org.joda.time.format.TestISOPeriodFormatParsing" name="testParseStandard8"/>
  <testcase time="0" classname="org.joda.time.format.TestISOPeriodFormatParsing" name="testParseStandard9"/>
  <testcase time="0" classname="org.joda.time.format.TestISOPeriodFormatParsing" name="testParseStandardFail1"/>
  <testcase time="0.001" classname="org.joda.time.format.TestISOPeriodFormatParsing" name="testParseStandardFail2"/>
  <testcase time="0" classname="org.joda.time.format.TestISOPeriodFormatParsing" name="testParseStandardFail3"/>
  <testcase time="0" classname="org.joda.time.format.TestISOPeriodFormatParsing" name="testParseStandardFail4"/>
  <testcase time="0" classname="org.joda.time.format.TestISOPeriodFormatParsing" name="testParseStandard10"/>
  <testcase time="0" classname="org.joda.time.format.TestISOPeriodFormatParsing" name="testParseStandard11"/>
  <testcase time="0" classname="org.joda.time.format.TestPeriodFormatParsing" name="testParseStandard1"/>
  <testcase time="0" classname="org.joda.time.format.TestPeriodFormatParsing" name="testParseCustom1"/>
  <testcase time="0.001" classname="org.joda.time.format.TestPeriodFormatterBuilder" name="testFormatPrefixSimple1"/>
  <testcase time="0" classname="org.joda.time.format.TestPeriodFormatterBuilder" name="testFormatPrefixSimple2"/>
  <testcase time="0" classname="org.joda.time.format.TestPeriodFormatterBuilder" name="testFormatPrefixSimple3"/>
  <testcase time="0.001" classname="org.joda.time.format.TestPeriodFormatterBuilder" name="testBug2495455"/>
  <testcase time="0" classname="org.joda.time.format.TestPeriodFormatterBuilder" name="testFormatMillis"/>
  <testcase time="0" classname="org.joda.time.format.TestPeriodFormatterBuilder" name="testFormatPrintZeroRarelyFirstDays"/>
  <testcase time="0" classname="org.joda.time.format.TestPeriodFormatterBuilder" name="testFormatMonths"/>
  <testcase time="0" classname="org.joda.time.format.TestPeriodFormatterBuilder" name="testFormatPrintZeroRarelyFirstMinutes"/>
  <testcase time="0" classname="org.joda.time.format.TestPeriodFormatterBuilder" name="testFormatMinDigits"/>
  <testcase time="0" classname="org.joda.time.format.TestPeriodFormatterBuilder" name="testFormatAppend_PrinterParser_null_null"/>
  <testcase time="0" classname="org.joda.time.format.TestPeriodFormatterBuilder" name="testFormatLiteral"/>
  <testcase time="0" classname="org.joda.time.format.TestPeriodFormatterBuilder" name="testFormatPrintZeroAlways"/>
  <testcase time="0" classname="org.joda.time.format.TestPeriodFormatterBuilder" name="testToFormatterPrinterParser"/>
  <testcase time="0" classname="org.joda.time.format.TestPeriodFormatterBuilder" name="testFormatAppendFormatter"/>
  <testcase time="0" classname="org.joda.time.format.TestPeriodFormatterBuilder" name="testFormatPrintZeroRarelyFirstSeconds"/>
  <testcase time="0" classname="org.joda.time.format.TestPeriodFormatterBuilder" name="testFormatDays"/>
  <testcase time="0" classname="org.joda.time.format.TestPeriodFormatterBuilder" name="testFormatSeparatorIfFieldsBefore"/>
  <testcase time="0.001" classname="org.joda.time.format.TestPeriodFormatterBuilder" name="testFormatPrefixPlural1"/>
  <testcase time="0" classname="org.joda.time.format.TestPeriodFormatterBuilder" name="testFormatPrefixPlural2"/>
  <testcase time="0" classname="org.joda.time.format.TestPeriodFormatterBuilder" name="testFormatPrefixPlural3"/>
  <testcase time="0" classname="org.joda.time.format.TestPeriodFormatterBuilder" name="testFormatMillis3Digit"/>
  <testcase time="0" classname="org.joda.time.format.TestPeriodFormatterBuilder" name="testFormatAppend_PrinterParserThenClear"/>
  <testcase time="0" classname="org.joda.time.format.TestPeriodFormatterBuilder" name="testFormatMinutes"/>
  <testcase time="0" classname="org.joda.time.format.TestPeriodFormatterBuilder" name="testFormatSuffixSimple1"/>
  <testcase time="0" classname="org.joda.time.format.TestPeriodFormatterBuilder" name="testFormatSuffixSimple2"/>
  <testcase time="0" classname="org.joda.time.format.TestPeriodFormatterBuilder" name="testFormatSuffixSimple3"/>
  <testcase time="0.001" classname="org.joda.time.format.TestPeriodFormatterBuilder" name="testFormatSuffixSimple4"/>
  <testcase time="0" classname="org.joda.time.format.TestPeriodFormatterBuilder" name="testFormatAppend_PrinterParser_Printer_null_null_Parser"/>
  <testcase time="0" classname="org.joda.time.format.TestPeriodFormatterBuilder" name="testFormatPrintZeroIfSupported"/>
  <testcase time="0" classname="org.joda.time.format.TestPeriodFormatterBuilder" name="testFormatPrintZeroRarelyFirstHours"/>
  <testcase time="0" classname="org.joda.time.format.TestPeriodFormatterBuilder" name="testFormatPrintZeroRarelyFirstWeeks"/>
  <testcase time="0.001" classname="org.joda.time.format.TestPeriodFormatterBuilder" name="testFormatPrintZeroRarelyFirstYears"/>
  <testcase time="0" classname="org.joda.time.format.TestPeriodFormatterBuilder" name="testFormatAppend_PrinterParser_PrinterParser"/>
  <testcase time="0" classname="org.joda.time.format.TestPeriodFormatterBuilder" name="testFormatSecondsWithOptionalMillis"/>
  <testcase time="0.001" classname="org.joda.time.format.TestPeriodFormatterBuilder" name="testFormatPrintZeroRarelyLast"/>
  <testcase time="0" classname="org.joda.time.format.TestPeriodFormatterBuilder" name="testFormatHours"/>
  <testcase time="0" classname="org.joda.time.format.TestPeriodFormatterBuilder" name="testFormatWeeks"/>
  <testcase time="0" classname="org.joda.time.format.TestPeriodFormatterBuilder" name="testFormatYears"/>
  <testcase time="0.001" classname="org.joda.time.format.TestPeriodFormatterBuilder" name="testFormatPrintZeroRarelyFirst"/>
  <testcase time="0" classname="org.joda.time.format.TestPeriodFormatterBuilder" name="testFormatAppend_PrinterParser_Printer_null"/>
  <testcase time="0" classname="org.joda.time.format.TestPeriodFormatterBuilder" name="testFormatPrintZeroRarelyFirstMonths"/>
  <testcase time="0" classname="org.joda.time.format.TestPeriodFormatterBuilder" name="testFormatPrintZeroNever"/>
  <testcase time="0" classname="org.joda.time.format.TestPeriodFormatterBuilder" name="testFormatSeconds"/>
  <testcase time="0" classname="org.joda.time.format.TestPeriodFormatterBuilder" name="testFormatSecondsWithMillis"/>
  <testcase time="0" classname="org.joda.time.format.TestPeriodFormatterBuilder" name="testFormatSeparatorSimple"/>
  <testcase time="0" classname="org.joda.time.format.TestPeriodFormatterBuilder" name="testFormatSeparatorComplex"/>
  <testcase time="0.001" classname="org.joda.time.format.TestPeriodFormatterBuilder" name="testFormatSeparatorIfFieldsAfter"/>
  <testcase time="0" classname="org.joda.time.format.TestPeriodFormatterBuilder" name="testFormatAppend_PrinterParser_null_Parser"/>
  <testcase time="0" classname="org.joda.time.format.TestPeriodFormatterBuilder" name="testFormatPrefixSuffix"/>
  <testcase time="0" classname="org.joda.time.format.TestPeriodFormatterBuilder" name="testFormatSuffixPlural1"/>
  <testcase time="0" classname="org.joda.time.format.TestPeriodFormatterBuilder" name="testFormatSuffixPlural2"/>
  <testcase time="0" classname="org.joda.time.format.TestPeriodFormatterBuilder" name="testFormatSuffixPlural3"/>
  <testcase time="0" classname="org.joda.time.format.TestPeriodFormatterBuilder" name="testFormatSuffixPlural4"/>
  <testcase time="0" classname="org.joda.time.format.TestPeriodFormatterBuilder" name="testFormatPrintZeroDefault"/>
  <testcase time="0.001" classname="org.joda.time.format.TestTextFields" name="testMonthNames_monthEnd"/>
  <testcase time="0" classname="org.joda.time.format.TestTextFields" name="testMonthNames_monthMiddle"/>
  <testcase time="0.008" classname="org.joda.time.format.TestTextFields" name="testWeekdayNames"/>
  <testcase time="0.001" classname="org.joda.time.format.TestTextFields" name="testHalfdayNames"/>
  <testcase time="0" classname="org.joda.time.format.TestTextFields" name="testMonthNames_monthStart"/>
  <testcase time="0.001" classname="org.joda.time.tz.TestUTCProvider" name="testClass"/>
  <testcase time="0" classname="org.joda.time.tz.TestUTCProvider" name="testGetAvailableIDs"/>
  <testcase time="0" classname="org.joda.time.tz.TestUTCProvider" name="testGetZone_String"/>
  <testcase time="0.035" classname="org.joda.time.tz.TestBuilder" name="testSerialization"/>
  <testcase time="0" classname="org.joda.time.tz.TestBuilder" name="testFixed"/>
  <testcase time="0.002" classname="org.joda.time.tz.TestBuilder" name="testID"/>
  <testcase time="0.012" classname="org.joda.time.tz.TestBuilder" name="testForwardTransitions"/>
  <testcase time="0.009" classname="org.joda.time.tz.TestBuilder" name="testReverseTransitions"/>
  <testcase time="0.002" classname="org.joda.time.tz.TestCompiler" name="test_2400_fromDay"/>
  <testcase time="0" classname="org.joda.time.tz.TestCompiler" name="test_Amman_2003"/>
  <testcase time="0" classname="org.joda.time.tz.TestCompiler" name="test_Amman_2004"/>
  <testcase time="0" classname="org.joda.time.tz.TestCompiler" name="test_Amman_2005"/>
  <testcase time="0" classname="org.joda.time.tz.TestCompiler" name="test_Amman_2006"/>
  <testcase time="0.028" classname="org.joda.time.tz.TestCompiler" name="testCompile"/>
  <testcase time="0" classname="org.joda.time.tz.TestCompiler" name="test_2400_last"/>
  <testcase time="0.001" classname="org.joda.time.tz.TestFixedDateTimeZone" name="testToTimeZone1"/>
  <testcase time="0" classname="org.joda.time.tz.TestFixedDateTimeZone" name="testToTimeZone2"/>
  <testcase time="0" classname="org.joda.time.tz.TestFixedDateTimeZone" name="testHashCode"/>
  <testcase time="0" classname="org.joda.time.tz.TestFixedDateTimeZone" name="testEquals"/>
</testsuite>